\BOOKMARK [1][-]{section.1}{\376\377\000G\000i\036\333\000i\000\040\000t\000h\000i\036\307\000u\000\040\001\021\036\301\000\040\000t\000\340\000i}{}% 1
\BOOKMARK [2][-]{subsection.1.1}{\376\377\000T\000h\036\361\000c\000\040\000t\000r\036\241\000n\000g}{section.1}% 2
\BOOKMARK [3][-]{subsubsection.1.1.1}{\376\377\000T\000h\036\361\000c\000\040\000t\000r\036\241\000n\000g\000\040\000c\000h\000u\000n\000g}{subsection.1.1}% 3
\BOOKMARK [3][-]{subsubsection.1.1.2}{\376\377\000T\000h\036\361\000c\000\040\000t\000r\036\241\000n\000g\000\040\000c\000\341\000c\000\040\000h\036\307\000\040\000t\000h\036\321\000n\000g\000\040\000h\000i\036\307\000n\000\040\000c\000\363}{subsection.1.1}% 4
\BOOKMARK [2][-]{subsection.1.2}{\376\377\000M\036\345\000c\000\040\000t\000i\000\352\000u\000\040\000v\000\340\000\040\000P\000h\036\241\000m\000\040\000v\000i\000\040\001\021\036\301\000\040\000t\000\340\000i}{section.1}% 5
\BOOKMARK [1][-]{section.2}{\376\377\000C\001\241\000\040\000s\036\337\000\040\000l\000\375\000\040\000t\000h\000u\000y\036\277\000t}{}% 6
\BOOKMARK [2][-]{subsection.2.1}{\376\377\000M\000\364\000\040\000h\000\354\000n\000h\000\040\000C\000l\000i\000e\000n\000t\000\040\000-\000\040\000S\000e\000r\000v\000e\000r}{section.2}% 7
\BOOKMARK [2][-]{subsection.2.2}{\376\377\000K\000i\036\277\000n\000\040\000t\000r\000\372\000c\000\040\000R\000E\000S\000T\000f\000u\000l\000\040\000A\000P\000I}{section.2}% 8
\BOOKMARK [2][-]{subsection.2.3}{\376\377\000C\001\241\000\040\000s\036\337\000\040\000d\036\357\000\040\000l\000i\036\307\000u\000\040\000d\036\357\000\040\000l\000i\036\307\000u}{section.2}% 9
\BOOKMARK [2][-]{subsection.2.4}{\376\377\000X\000\341\000c\000\040\000t\000h\036\361\000c\000\040\000v\000\340\000\040\000P\000h\000\342\000n\000\040\000q\000u\000y\036\301\000n\000\040\000n\000g\001\260\036\335\000i\000\040\000d\000\371\000n\000g\000\040\000\050\000A\000u\000t\000h\000e\000n\000t\000i\000c\000a\000t\000i\000o\000n\000\040\000\046\000\040\000A\000u\000t\000h\000o\000r\000i\000z\000a\000t\000i\000o\000n\000\051}{section.2}% 10
\BOOKMARK [2][-]{subsection.2.5}{\376\377\000H\036\307\000\040\000t\000h\036\321\000n\000g\000\040\000g\036\343\000i\000\040\000\375\000\040\000\050\000R\000e\000c\000o\000m\000m\000e\000n\000d\000a\000t\000i\000o\000n\000\040\000S\000y\000s\000t\000e\000m\000\051}{section.2}% 11
\BOOKMARK [2][-]{subsection.2.6}{\376\377\000T\000h\000u\036\255\000t\000\040\000t\000o\000\341\000n\000\040\000L\000i\000g\000h\000t\000G\000B\000M\000\040\000R\000a\000n\000k\000e\000r\000\040\000\050\000L\000a\000m\000b\000d\000a\000R\000a\000n\000k\000\040\000-\000\040\000G\000r\000a\000d\000i\000e\000n\000t\000\040\000B\000o\000o\000s\000t\000e\000d\000\040\000D\000e\000c\000i\000s\000i\000o\000n\000\040\000T\000r\000e\000e\000s\000\040\000f\000o\000r\000\040\000R\000a\000n\000k\000i\000n\000g\000\051}{section.2}% 12
\BOOKMARK [2][-]{subsection.2.7}{\376\377\000Q\000u\000y\000\040\000t\000r\000\354\000n\000h\000\040\000M\000L\000O\000p\000s\000\040\000v\000\340\000\040\000T\036\361\000\040\001\021\036\331\000n\000g\000\040\000h\000\363\000a\000\040\000\050\000A\000u\000t\000o\000m\000a\000t\000e\000d\000\040\000M\000a\000c\000h\000i\000n\000e\000\040\000L\000e\000a\000r\000n\000i\000n\000g\000\040\000P\000i\000p\000e\000l\000i\000n\000e\000\051}{section.2}% 13
\BOOKMARK [1][-]{section.3}{\376\377\000C\000\364\000n\000g\000\040\000n\000g\000h\036\307\000\040\000s\036\355\000\040\000d\036\345\000n\000g}{}% 14
\BOOKMARK [2][-]{subsection.3.1}{\376\377\000N\000g\000\364\000n\000\040\000n\000g\036\357\000\040\000l\036\255\000p\000\040\000t\000r\000\354\000n\000h\000\040\000v\000\340\000\040\000F\000r\000a\000m\000e\000w\000o\000r\000k\000\040\000n\036\301\000n\000\040\000t\036\243\000n\000g}{section.3}% 15
\BOOKMARK [3][-]{subsubsection.3.1.1}{\376\377\000T\000y\000p\000e\000S\000c\000r\000i\000p\000t}{subsection.3.1}% 16
\BOOKMARK [3][-]{subsubsection.3.1.2}{\376\377\000R\000e\000a\000c\000t\000J\000S}{subsection.3.1}% 17
\BOOKMARK [3][-]{subsubsection.3.1.3}{\376\377\000N\000o\000d\000e\000J\000S}{subsection.3.1}% 18
\BOOKMARK [3][-]{subsubsection.3.1.4}{\376\377\000P\000y\000t\000h\000o\000n}{subsection.3.1}% 19
\BOOKMARK [2][-]{subsection.3.2}{\376\377\000L\001\260\000u\000\040\000t\000r\036\357\000\040\000v\000\340\000\040\000X\036\355\000\040\000l\000\375\000\040\000d\036\357\000\040\000l\000i\036\307\000u}{section.3}% 20
\BOOKMARK [3][-]{subsubsection.3.2.1}{\376\377\000H\036\307\000\040\000q\000u\036\243\000n\000\040\000t\000r\036\313\000\040\000c\001\241\000\040\000s\036\337\000\040\000d\036\357\000\040\000l\000i\036\307\000u\000\040\000M\000o\000n\000g\000o\000D\000B}{subsection.3.2}% 21
\BOOKMARK [3][-]{subsubsection.3.2.2}{\376\377\000M\000u\000l\000t\000e\000r\000\040\000v\000\340\000\040\000C\000l\000o\000u\000d\000i\000n\000a\000r\000y\000\040\000t\000r\000o\000n\000g\000\040\000x\036\355\000\040\000l\000\375\000\040\000v\000\340\000\040\000l\001\260\000u\000\040\000t\000r\036\357\000\040\000h\000\354\000n\000h\000\040\036\243\000n\000h}{subsection.3.2}% 22
\BOOKMARK [2][-]{subsection.3.3}{\376\377\000H\036\241\000\040\000t\036\247\000n\000g\000\040\000M\000a\000c\000h\000i\000n\000e\000\040\000L\000e\000a\000r\000n\000i\000n\000g\000\040\000v\000\340\000\040\000M\000L\000O\000p\000s}{section.3}% 23
\BOOKMARK [3][-]{subsubsection.3.3.1}{\376\377\000H\000u\000g\000g\000i\000n\000g\000\040\000F\000a\000c\000e\000\040\000t\000r\000o\000n\000g\000\040\000q\000u\036\243\000n\000\040\000l\000\375\000\040\000d\036\357\000\040\000l\000i\036\307\000u\000\040\000v\000\340\000\040\000t\000r\000i\036\303\000n\000\040\000k\000h\000a\000i\000\040\000m\000\364\000\040\000h\000\354\000n\000h\000\040\000h\036\315\000c\000\040\000m\000\341\000y}{subsection.3.3}% 24
\BOOKMARK [3][-]{subsubsection.3.3.2}{\376\377\000O\000N\000N\000X\000\040\000\050\000O\000p\000e\000n\000\040\000N\000e\000u\000r\000a\000l\000\040\000N\000e\000t\000w\000o\000r\000k\000\040\000E\000x\000c\000h\000a\000n\000g\000e\000\051\000:\000\040\001\020\036\313\000n\000h\000\040\000d\036\241\000n\000g\000\040\000t\036\321\000i\000\040\001\260\000u\000\040\000h\000\363\000a\000\040\000h\000i\036\307\000u\000\040\000s\000u\036\245\000t\000\040\000d\036\361\000\040\001\021\000o\000\341\000n}{subsection.3.3}% 25
\BOOKMARK [3][-]{subsubsection.3.3.3}{\376\377\000G\000i\000t\000H\000u\000b\000\040\000A\000c\000t\000i\000o\000n\000s\000:\000\040\000C\000\364\000n\000g\000\040\000c\036\345\000\040\000t\036\361\000\040\001\021\036\331\000n\000g\000\040\000h\000\363\000a\000\040\000q\000u\000y\000\040\000t\000r\000\354\000n\000h\000\040\000h\000u\036\245\000n\000\040\000l\000u\000y\036\307\000n\000\040\000v\000\340\000\040\000t\000r\000i\036\303\000n\000\040\000k\000h\000a\000i\000\040\000m\000\364\000\040\000h\000\354\000n\000h}{subsection.3.3}% 26
\BOOKMARK [2][-]{subsection.3.4}{\376\377\000C\000\341\000c\000\040\000d\036\313\000c\000h\000\040\000v\036\345\000\040\000t\000\355\000c\000h\000\040\000h\036\343\000p\000\040\000v\000\340\000\040\000T\000i\036\307\000n\000\040\000\355\000c\000h\000\040\000h\036\327\000\040\000t\000r\036\343}{section.3}% 27
\BOOKMARK [3][-]{subsubsection.3.4.1}{\376\377\000N\000o\000d\000e\000m\000a\000i\000l\000e\000r\000\040\000t\000r\000o\000n\000g\000\040\000h\036\307\000\040\000t\000h\036\321\000n\000g\000\040\000g\036\355\000i\000\040\000e\000m\000a\000i\000l\000\040\000t\000h\000\364\000n\000g\000\040\000b\000\341\000o\000\040\000v\000\340\000\040\000x\000\341\000c\000\040\000t\000h\036\361\000c}{subsection.3.4}% 28
\BOOKMARK [3][-]{subsubsection.3.4.2}{\376\377\000P\000a\000y\000O\000S\000\040\000\046\000\040\000W\000e\000b\000h\000o\000o\000k\000s\000:\000\040\000C\036\325\000n\000g\000\040\000t\000h\000a\000n\000h\000\040\000t\000o\000\341\000n\000\040\000v\000\340\000\040\000c\001\241\000\040\000c\000h\036\277\000\040\000x\036\355\000\040\000l\000\375\000\040\000g\000i\000a\000o\000\040\000d\036\313\000c\000h\000\040\000t\000h\036\335\000i\000\040\000g\000i\000a\000n\000\040\000t\000h\036\361\000c}{subsection.3.4}% 29
\BOOKMARK [1][-]{section.4}{\376\377\000Y\000\352\000u\000\040\000c\036\247\000u\000\040\000v\036\301\000\040\000h\036\307\000\040\000t\000h\036\321\000n\000g}{}% 30
\BOOKMARK [2][-]{subsection.4.1}{\376\377\000Y\000\352\000u\000\040\000c\036\247\000u\000\040\000c\000h\036\351\000c\000\040\000n\001\003\000n\000g}{section.4}% 31
\BOOKMARK [3][-]{subsubsection.4.1.1}{\376\377\001\020\036\321\000i\000\040\000v\036\333\000i\000\040\000t\036\245\000t\000\040\000c\036\243\000\040\000n\000g\001\260\036\335\000i\000\040\000d\000\371\000n\000g}{subsection.4.1}% 32
\BOOKMARK [3][-]{subsubsection.4.1.2}{\376\377\001\020\036\321\000i\000\040\000v\036\333\000i\000\040\000t\036\245\000t\000\040\000c\036\243\000\040\000B\000a\000n\000\040\000t\036\325\000\040\000c\000h\036\351\000c\000\040\000s\036\361\000\040\000k\000i\036\307\000n}{subsection.4.1}% 33
\BOOKMARK [3][-]{subsubsection.4.1.3}{\376\377\001\020\036\321\000i\000\040\000v\036\333\000i\000\040\000v\000a\000i\000\040\000t\000r\000\362\000\040\000q\000u\036\243\000n\000\040\000t\000r\036\313\000\040\000v\000i\000\352\000n}{subsection.4.1}% 34
\BOOKMARK [2][-]{subsection.4.2}{\376\377\000Y\000\352\000u\000\040\000c\036\247\000u\000\040\000p\000h\000i\000\040\000c\000h\036\351\000c\000\040\000n\001\003\000n\000g}{section.4}% 35
\BOOKMARK [1][-]{section.5}{\376\377\000M\000\364\000\040\000h\000\354\000n\000h\000\040\000h\000o\000\341\000\040\000h\036\307\000\040\000t\000h\036\321\000n\000g\000\040\000\050\000S\000y\000s\000t\000e\000m\000\040\000m\000o\000d\000e\000l\000l\000i\000n\000g\000\051\000\040\000-\000\040\000O\000L\000D}{}% 36
\BOOKMARK [2][-]{subsection.5.1}{\376\377\000L\001\260\036\343\000c\000\040\001\021\036\323\000\040\000U\000s\000e\000-\000C\000a\000s\000e}{section.5}% 37
\BOOKMARK [3][-]{subsubsection.5.1.1}{\376\377\000U\000s\000e\000\040\000C\000a\000s\000e\000\040\000c\000h\000o\000\040\000N\000g\001\260\036\335\000i\000\040\000D\000\371\000n\000g}{subsection.5.1}% 38
\BOOKMARK [0][-]{subsubsubsection.5.1.1.1}{\376\377\000X\000e\000m\000,\000\040\000t\000\354\000m\000\040\000k\000i\036\277\000m\000\040\000v\000\340\000\040\000l\036\315\000c\000\040\000t\000h\000\364\000n\000g\000\040\000t\000i\000n\000\040\000s\036\361\000\040\000k\000i\036\307\000n}{}% 39
\BOOKMARK [0][-]{subsubsubsection.5.1.1.2}{\376\377\000T\000r\000u\000y\000\040\000c\036\255\000p\000\040\000c\000h\036\351\000c\000\040\000n\001\003\000n\000g\000\040\000y\000\352\000u\000\040\000c\036\247\000u\000\040\000x\000\341\000c\000\040\000t\000h\036\361\000c}{}% 40
\BOOKMARK [0][-]{subsubsubsection.5.1.1.3}{\376\377\000M\000u\000a\000\040\000v\000\351}{}% 41
\BOOKMARK [0][-]{subsubsubsection.5.1.1.4}{\376\377\000C\000h\000a\000t\000\040\000v\036\333\000i\000\040\000Q\000u\036\243\000n\000\040\000t\000r\036\313\000\040\000v\000i\000\352\000n}{}% 42
\BOOKMARK [0][-]{subsubsubsection.5.1.1.5}{\376\377\000C\000h\000a\000t\000\040\000v\036\333\000i\000\040\000B\000a\000n\000\040\000t\036\325\000\040\000c\000h\036\351\000c}{}% 43
\BOOKMARK [1][-]{subsubsection.5.1.2}{\376\377\000U\000s\000e\000\040\000C\000a\000s\000e\000\040\000c\000h\000o\000\040\000B\000a\000n\000\040\000t\036\325\000\040\000c\000h\036\351\000c}{subsubsubsection.5.1.1.5}% 44
\BOOKMARK [0][-]{subsubsubsection.5.1.2.1}{\376\377\000X\000e\000m\000,\000\040\000t\000\354\000m\000\040\000k\000i\036\277\000m\000\040\000h\000o\036\267\000c\000\040\000l\036\315\000c\000\040\000d\000a\000n\000h\000\040\000s\000\341\000c\000h\000\040\000s\036\361\000\040\000k\000i\036\307\000n}{}% 45
\BOOKMARK [0][-]{subsubsubsection.5.1.2.2}{\376\377\000P\000h\036\243\000n\000\040\000h\036\323\000i\000\040\000t\000i\000n\000\040\000n\000h\036\257\000n\000\040\000n\000g\001\260\036\335\000i\000\040\000d\000\371\000n\000g}{}% 46
\BOOKMARK [1][-]{subsubsection.5.1.3}{\376\377\000U\000s\000e\000\040\000C\000a\000s\000e\000\040\000c\000h\000o\000\040\000Q\000u\036\243\000n\000\040\000t\000r\036\313\000\040\000v\000i\000\352\000n}{subsubsubsection.5.1.2.2}% 47
\BOOKMARK [0][-]{subsubsubsection.5.1.3.1}{\376\377\000Q\000u\036\243\000n\000\040\000l\000\375\000\040\000s\036\361\000\040\000k\000i\036\307\000n}{}% 48
\BOOKMARK [0][-]{subsubsubsection.5.1.3.2}{\376\377\000Q\000u\036\243\000n\000\040\000l\000\375\000\040\001\021\001\241\000n\000\040\000v\036\313\000\040\000t\036\325\000\040\000c\000h\036\351\000c}{}% 49
\BOOKMARK [1][-]{subsection.5.2}{\376\377\000L\001\260\036\343\000c\000\040\001\021\036\323\000\040\000h\000o\036\241\000t\000\040\001\021\036\331\000n\000g}{subsubsubsection.5.1.3.2}% 50
\BOOKMARK [2][-]{subsubsection.5.2.1}{\376\377\000A\000c\000t\000i\000v\000i\000t\000y\000\040\000D\000i\000a\000g\000r\000a\000m\000\040\000c\000h\000o\000\040\000N\000g\001\260\036\335\000i\000\040\000d\000\371\000n\000g}{subsection.5.2}% 51
\BOOKMARK [0][-]{subsubsubsection.5.2.1.1}{\376\377\001\020\001\003\000n\000g\000\040\000k\000\375}{}% 52
\BOOKMARK [0][-]{subsubsubsection.5.2.1.2}{\376\377\001\020\001\003\000n\000g\000\040\000n\000h\036\255\000p}{}% 53
\BOOKMARK [0][-]{subsubsubsection.5.2.1.3}{\376\377\000M\000u\000a\000\040\000v\000\351\000\040\000s\036\361\000\040\000k\000i\036\307\000n}{}% 54
\BOOKMARK [0][-]{subsubsubsection.5.2.1.4}{\376\377\000C\000h\000a\000t\000\040\000v\036\333\000i\000\040\000B\000a\000n\000\040\000t\036\325\000\040\000c\000h\036\351\000c\000\040\000h\000o\036\267\000c\000\040\000q\000u\036\243\000n\000\040\000t\000r\036\313\000\040\000v\000i\000\352\000n}{}% 55
\BOOKMARK [1][-]{subsubsection.5.2.2}{\376\377\000A\000c\000t\000i\000v\000i\000t\000y\000\040\000D\000i\000a\000g\000r\000a\000m\000\040\000c\000h\000o\000\040\000B\000a\000n\000\040\000t\036\325\000\040\000c\000h\036\351\000c}{subsubsubsection.5.2.1.4}% 56
\BOOKMARK [0][-]{subsubsubsection.5.2.2.1}{\376\377\001\020\036\325\000i\000\040\000m\036\255\000t\000\040\000k\000h\036\251\000u\000\040\000k\000h\000i\000\040\000B\000a\000n\000\040\000t\036\325\000\040\000c\000h\036\351\000c\000\040\001\021\001\003\000n\000g\000\040\000n\000h\036\255\000p\000\040\000v\000\340\000o\000\040\000h\036\307\000\040\000t\000h\036\321\000n\000g\000\040\000l\036\247\000n\000\040\001\021\036\247\000u\000\040\000t\000i\000\352\000n}{}% 57
\BOOKMARK [0][-]{subsubsubsection.5.2.2.2}{\376\377\000X\000e\000m\000,\000\040\000t\000\354\000m\000\040\000k\000i\036\277\000m\000\040\000h\000o\036\267\000c\000\040\000l\036\315\000c\000\040\000d\000a\000n\000h\000\040\000s\000\341\000c\000h\000\040\000s\036\361\000\040\000k\000i\036\307\000n\000\040}{}% 58
\BOOKMARK [0][-]{subsubsubsection.5.2.2.3}{\376\377\000P\000h\036\243\000n\000\040\000h\036\323\000i\000\040\000t\000i\000n\000\040\000n\000h\036\257\000n\000\040\000t\036\353\000\040\000n\000g\001\260\036\335\000i\000\040\000d\000\371\000n\000g}{}% 59
\BOOKMARK [1][-]{subsubsection.5.2.3}{\376\377\000A\000c\000t\000i\000v\000i\000t\000y\000\040\000D\000i\000a\000g\000r\000a\000m\000\040\000c\000h\000o\000\040\000Q\000u\036\243\000n\000\040\000t\000r\036\313\000\040\000v\000i\000\352\000n}{subsubsubsection.5.2.2.3}% 60
\BOOKMARK [0][-]{subsubsubsection.5.2.3.1}{\376\377\000Q\000u\036\243\000n\000\040\000l\000\375\000\040\000d\000a\000n\000h\000\040\000s\000\341\000c\000h\000\040\000c\000\341\000c\000\040\000s\036\361\000\040\000k\000i\036\307\000n}{}% 61
\BOOKMARK [0][-]{subsubsubsection.5.2.3.2}{\376\377\000Q\000u\036\243\000n\000\040\000l\000\375\000\040\001\021\001\241\000n\000\040\000v\036\313\000\040\000t\036\325\000\040\000c\000h\036\351\000c\000\040\000s\036\361\000\040\000k\000i\036\307\000n}{}% 62
\BOOKMARK [1][-]{subsection.5.3}{\376\377\000L\001\260\036\343\000c\000\040\001\021\036\323\000\040\000t\000u\036\247\000n\000\040\000t\036\361}{subsubsubsection.5.2.3.2}% 63
\BOOKMARK [2][-]{subsubsection.5.3.1}{\376\377\000C\000h\036\351\000c\000\040\000n\001\003\000n\000g\000\040\000m\000u\000a\000\040\000v\000\351\000\040\000d\000\340\000n\000h\000\040\000c\000h\000o\000\040\000n\000g\001\260\036\335\000i\000\040\000d\000\371\000n\000g}{subsection.5.3}% 64
\BOOKMARK [3][-]{subsubsection.5.3.2}{\376\377\000C\000h\036\351\000c\000\040\000n\001\003\000n\000g\000\040\000g\036\343\000i\000\040\000\375\000\040\000s\036\361\000\040\000k\000i\036\307\000n\000\040\000c\000\341\000\040\000n\000h\000\342\000n\000\040\000h\000\363\000a\000\040\000d\000\340\000n\000h\000\040\000c\000h\000o\000\040\000n\000g\001\260\036\335\000i\000\040\000d\000\371\000n\000g}{subsubsection.5.3.1}% 65
\BOOKMARK [3][-]{subsubsection.5.3.3}{\376\377\000C\000h\036\351\000c\000\040\000n\001\003\000n\000g\000\040\000n\000h\036\257\000n\000\040\000t\000i\000n}{subsubsection.5.3.1}% 66
\BOOKMARK [1][-]{section.6}{\376\377\000P\000h\000\342\000n\000\040\000t\000\355\000c\000h\000\040\000\046\000\040\000T\000h\000i\036\277\000t\000\040\000k\036\277\000\040\000h\036\307\000\040\000t\000h\036\321\000n\000g}{subsubsubsection.5.2.3.2}% 67
\BOOKMARK [2][-]{subsection.6.1}{\376\377\000K\000i\036\277\000n\000\040\000t\000r\000\372\000c\000\040\000h\036\307\000\040\000t\000h\036\321\000n\000g\000\040\000-\000\040\000O\000L\000D}{section.6}% 68
\BOOKMARK [2][-]{subsection.6.2}{\376\377\000T\000h\000i\036\277\000t\000\040\000k\036\277\000\040\000D\000a\000t\000a\000b\000a\000s\000e\000\040\000-\000\040\000O\000L\000D}{section.6}% 69
\BOOKMARK [2][-]{subsection.6.3}{\376\377\000H\036\307\000\040\000t\000h\036\321\000n\000g\000\040\000G\036\343\000i\000\040\000\375\000\040\000S\036\361\000\040\000k\000i\036\307\000n\000\040\000T\000h\000\364\000n\000g\000\040\000m\000i\000n\000h\000\040\000\050\000E\000v\000e\000n\000t\000\040\000R\000e\000c\000o\000m\000m\000e\000n\000d\000a\000t\000i\000o\000n\000\040\000S\000y\000s\000t\000e\000m\000\051}{section.6}% 70
\BOOKMARK [3][-]{subsubsection.6.3.1}{\376\377\000K\000i\036\277\000n\000\040\000t\000r\000\372\000c\000\040\000t\036\325\000n\000g\000\040\000q\000u\000a\000n\000\040\000v\000\340\000\040\000Q\000u\000y\000\040\000t\000r\000\354\000n\000h\000\040\000M\000L\000O\000p\000s\000\040\000t\036\361\000\040\001\021\036\331\000n\000g}{subsection.6.3}% 71
\BOOKMARK [3][-]{subsubsection.6.3.2}{\376\377\000X\000\342\000y\000\040\000d\036\361\000n\000g\000\040\000t\036\255\000p\000\040\000d\036\357\000\040\000l\000i\036\307\000u\000\040\000v\000\340\000\040\001\020\036\267\000c\000\040\000t\000r\001\260\000n\000g\000\040\000\050\000F\000e\000a\000t\000u\000r\000e\000\040\000E\000n\000g\000i\000n\000e\000e\000r\000i\000n\000g\000\051}{subsection.6.3}% 72
\BOOKMARK [3][-]{subsubsection.6.3.3}{\376\377\000C\001\241\000\040\000c\000h\036\277\000\040\000L\036\315\000c\000\040\000v\000\340\000\040\000C\000h\036\315\000n\000\040\000T\036\255\000p\000\040\036\350\000n\000g\000\040\000v\000i\000\352\000n\000\040\000\050\000C\000a\000n\000d\000i\000d\000a\000t\000e\000\040\000S\000e\000l\000e\000c\000t\000i\000o\000n\000\051}{subsection.6.3}% 73
\BOOKMARK [3][-]{subsubsection.6.3.4}{\376\377\000T\000h\000u\036\255\000t\000\040\000t\000o\000\341\000n\000\040\000v\000\340\000\040\000P\000h\001\260\001\241\000n\000g\000\040\000p\000h\000\341\000p\000\040\000h\000u\036\245\000n\000\040\000l\000u\000y\036\307\000n}{subsection.6.3}% 74
\BOOKMARK [3][-]{subsubsection.6.3.5}{\376\377\001\020\000\341\000n\000h\000\040\000g\000i\000\341\000\040\000v\000\340\000\040\000T\036\321\000i\000\040\001\260\000u\000\040\000h\000\363\000a\000\040\000m\000\364\000\040\000h\000\354\000n\000h}{subsection.6.3}% 75
\BOOKMARK [3][-]{subsubsection.6.3.6}{\376\377\000K\036\277\000t\000\040\000l\000u\036\255\000n\000\040\000v\000\340\000\040\000H\001\260\036\333\000n\000g\000\040\000p\000h\000\341\000t\000\040\000t\000r\000i\036\303\000n}{subsection.6.3}% 76
\BOOKMARK [1][-]{section.7}{\376\377\000H\000i\036\307\000n\000\040\000t\000h\036\361\000c\000\040\000h\036\307\000\040\000t\000h\036\321\000n\000g}{subsubsubsection.5.2.3.2}% 77
\BOOKMARK [2][-]{subsection.7.1}{\376\377\000C\000h\036\351\000c\000\040\000n\001\003\000n\000g\000\040\000n\000g\001\260\036\335\000i\000\040\000d\000\371\000n\000g}{section.7}% 78
\BOOKMARK [3][-]{subsubsection.7.1.1}{\376\377\000T\000r\000a\000n\000g\000\040\000H\000o\000m\000e\000P\000a\000g\000e}{subsection.7.1}% 79
\BOOKMARK [3][-]{subsubsection.7.1.2}{\376\377\000G\000i\000a\000o\000\040\000d\000i\036\307\000n\000\040\000C\000h\000a\000t\000b\000o\000t\000\040\000A\000I}{subsection.7.1}% 80
\BOOKMARK [3][-]{subsubsection.7.1.3}{\376\377\000T\000\354\000m\000\040\000k\000i\036\277\000m\000\040\000s\036\361\000\040\000k\000i\036\307\000n}{subsection.7.1}% 81
\BOOKMARK [3][-]{subsubsection.7.1.4}{\376\377\000G\000i\000a\000o\000\040\000d\000i\036\307\000n\000\040\001\020\001\003\000n\000g\000\040\000n\000h\036\255\000p\000/\001\020\001\003\000n\000g\000\040\000k\000\375\000\040\000t\000\340\000i\000\040\000k\000h\000o\036\243\000n}{subsection.7.1}% 82
\BOOKMARK [3][-]{subsubsection.7.1.5}{\376\377\000T\000r\000a\000n\000g\000\040\000x\000e\000m\000\040\000c\000h\000i\000\040\000t\000i\036\277\000t\000\040\000t\000h\000\364\000n\000g\000\040\000t\000i\000n\000\040\000s\036\361\000\040\000k\000i\036\307\000n}{subsection.7.1}% 83
\BOOKMARK [3][-]{subsubsection.7.1.6}{\376\377\000T\000r\000a\000n\000g\000\040\000x\000\341\000c\000\040\000n\000h\036\255\000n\000\040\000t\000h\000a\000n\000h\000\040\000t\000o\000\341\000n}{subsection.7.1}% 84
\BOOKMARK [3][-]{subsubsection.7.1.7}{\376\377\000T\000i\036\277\000n\000\040\000h\000\340\000n\000h\000\040\000t\000h\000a\000n\000h\000\040\000t\000o\000\341\000n}{subsection.7.1}% 85
\BOOKMARK [3][-]{subsubsection.7.1.8}{\376\377\000T\000r\000a\000n\000g\000\040\000L\036\313\000c\000h\000\040\000s\036\355\000\040\000m\000u\000a\000\040\000v\000\351}{subsection.7.1}% 86
\BOOKMARK [2][-]{subsection.7.2}{\376\377\000C\000h\036\351\000c\000\040\000n\001\003\000n\000g\000\040\000c\036\347\000a\000\040\000B\000a\000n\000\040\000t\036\325\000\040\000c\000h\036\351\000c\000\040\000s\036\361\000\040\000k\000i\036\307\000n}{section.7}% 87
\BOOKMARK [3][-]{subsubsection.7.2.1}{\376\377\000T\000r\000a\000n\000g\000\040\000d\036\357\000\040\000l\000i\036\307\000u\000\040\000t\000h\036\321\000n\000g\000\040\000k\000\352}{subsection.7.2}% 88
\BOOKMARK [3][-]{subsubsection.7.2.2}{\376\377\000T\000r\000a\000n\000g\000\040\000t\000h\000\364\000n\000g\000\040\000t\000i\000n\000\040\000s\036\361\000\040\000k\000i\036\307\000n}{subsection.7.2}% 89
\BOOKMARK [3][-]{subsubsection.7.2.3}{\376\377\000T\000r\000a\000n\000g\000\040\000t\000h\000\364\000n\000g\000\040\000t\000i\000n\000\040\000c\000\341\000\040\000n\000h\000\342\000n}{subsection.7.2}% 90
\BOOKMARK [2][-]{subsection.7.3}{\376\377\000C\000h\036\351\000c\000\040\000n\001\003\000n\000g\000\040\000c\036\347\000a\000\040\000Q\000u\036\243\000n\000\040\000t\000r\036\313\000\040\000v\000i\000\352\000n}{section.7}% 91
\BOOKMARK [3][-]{subsubsection.7.3.1}{\376\377\000T\000r\000a\000n\000g\000\040\000d\036\357\000\040\000l\000i\036\307\000u\000\040\000t\000h\036\321\000n\000g\000\040\000k\000\352}{subsection.7.3}% 92
\BOOKMARK [3][-]{subsubsection.7.3.2}{\376\377\000Q\000u\036\243\000n\000\040\000l\000\375\000\040\000t\000h\000\364\000n\000g\000\040\000t\000i\000n\000\040\000s\036\361\000\040\000k\000i\036\307\000n}{subsection.7.3}% 93
\BOOKMARK [3][-]{subsubsection.7.3.3}{\376\377\000Q\000u\036\243\000n\000\040\000l\000\375\000\040\000t\000h\000\364\000n\000g\000\040\000t\000i\000n\000\040\000B\000a\000n\000\040\000t\036\325\000\040\000c\000h\036\351\000c}{subsection.7.3}% 94
\BOOKMARK [3][-]{subsubsection.7.3.4}{\376\377\000Q\000u\036\243\000n\000\040\000l\000\375\000\040\000t\000h\000\364\000n\000g\000\040\000t\000i\000n\000\040\000v\000\351\000\040\000c\000h\000o\000\040\000s\036\361\000\040\000k\000i\036\307\000n}{subsection.7.3}% 95
\BOOKMARK [3][-]{subsubsection.7.3.5}{\376\377\000Q\000u\036\243\000n\000\040\000l\000\375\000\040\000t\000h\000\364\000n\000g\000\040\000t\000i\000n\000\040\000n\000g\001\260\036\335\000i\000\040\000d\000\371\000n\000g}{subsection.7.3}% 96
\BOOKMARK [1][-]{section.8}{\376\377\000T\036\325\000n\000g\000\040\000k\036\277\000t\000\040\000v\000\340\000\040\001\021\000\341\000n\000h\000\040\000g\000i\000\341\000\040\000-\000\040\000O\000L\000D}{subsubsubsection.5.2.3.2}% 97
\BOOKMARK [2][-]{subsection.8.1}{\376\377\000K\036\277\000t\000\040\000q\000u\036\243\000\040\000h\000i\036\307\000n\000\040\000t\000h\036\361\000c\000\040\000g\000i\000a\000i\000\040\001\021\000o\036\241\000n\000\040\001\020\036\323\000\040\000\341\000n\000\040\000C\000h\000u\000y\000\352\000n\000\040\000n\000g\000\340\000n\000h}{section.8}% 98
\BOOKMARK [2][-]{subsection.8.2}{\376\377\000K\036\277\000\040\000h\000o\036\241\000c\000h\000\040\000t\000r\000i\036\303\000n\000\040\000k\000h\000a\000i\000\040\000g\000i\000a\000i\000\040\001\021\000o\036\241\000n\000\040\001\020\036\323\000\040\000\341\000n\000\040\000T\036\321\000t\000\040\000n\000g\000h\000i\036\307\000p}{section.8}% 99
\BOOKMARK [3][-]{subsubsection.8.2.1}{\376\377\000M\036\345\000c\000\040\000t\000i\000\352\000u\000\040\000c\000h\000\355\000n\000h}{subsection.8.2}% 100
\BOOKMARK [3][-]{subsubsection.8.2.2}{\376\377\000T\000i\036\277\000n\000\040\001\021\036\331\000\040\000p\000h\000\341\000t\000\040\000t\000r\000i\036\303\000n\000\040\000g\000i\000a\000i\000\040\001\021\000o\036\241\000n\000\040\001\021\036\323\000\040\000\341\000n\000\040\000t\036\321\000t\000\040\000n\000g\000h\000i\036\307\000p}{subsection.8.2}% 101
\BOOKMARK [1][-]{figure.caption.128}{\376\377\000T\000\340\000i\000\040\000l\000i\036\307\000u\000\040\000t\000h\000a\000m\000\040\000k\000h\036\243\000o\000\040\000-\000\040\000O\000L\000D}{subsubsubsection.5.2.3.2}% 102
