This is pdfTeX, Version 3.141592653-2.6-1.40.27 (TeX Live 2025) (preloaded format=pdflatex 2025.12.14)  2 APR 2026 20:43
entering extended mode
 restricted \write18 enabled.
 file:line:error style messages enabled.
 %&-line parsing enabled.
**c:/Users/PC/Desktop/latex_lvtn/latex_lvtn/rp/main.tex
(c:/Users/PC/Desktop/latex_lvtn/latex_lvtn/rp/main.tex
LaTeX2e <2024-11-01> patch level 2
L3 programming layer <2025-01-18>
(c:/texlive/2025/texmf-dist/tex/latex/base/article.cls
Document Class: article 2024/06/29 v1.4n Standard LaTeX document class
(c:/texlive/2025/texmf-dist/tex/latex/base/size10.clo
File: size10.clo 2024/06/29 v1.4n Standard LaTeX file (size option)
)
\c@part=\count196
\c@section=\count197
\c@subsection=\count198
\c@subsubsection=\count199
\c@paragraph=\count266
\c@subparagraph=\count267
\c@figure=\count268
\c@table=\count269
\abovecaptionskip=\skip49
\belowcaptionskip=\skip50
\bibindent=\dimen141
) (c:/texlive/2025/texmf-dist/tex/latex/vntex/vntex.sty
Package: vntex 2009/07/12 v1.1 support for Vietnamese
 (c:/texlive/2025/texmf-dist/tex/latex/base/ifthen.sty
Package: ifthen 2024/03/16 v1.1e Standard LaTeX ifthen package (DPC)
) (c:/texlive/2025/texmf-dist/tex/latex/base/fontenc.sty
Package: fontenc 2021/04/29 v2.0v Standard LaTeX package
 (c:/texlive/2025/texmf-dist/tex/latex/vntex/t5enc.def
File: t5enc.def 2006/11/21 v1.4 Vietnamese T5 encoding
Now handling font encoding T5 ...
... processing UTF-8 mapping file for font encoding T5
 (c:/texlive/2025/texmf-dist/tex/latex/vntex/t5enc.dfu
File: t5enc.dfu 2006/08/19 v1.1 UTF8 support for Vietnamese
   defining Unicode char U+00AB (decimal 171)
   defining Unicode char U+00BB (decimal 187)
   defining Unicode char U+00C0 (decimal 192)
   defining Unicode char U+00C1 (decimal 193)
   defining Unicode char U+00C2 (decimal 194)
   defining Unicode char U+00C3 (decimal 195)
   defining Unicode char U+00C8 (decimal 200)
   defining Unicode char U+00C9 (decimal 201)
   defining Unicode char U+00CA (decimal 202)
   defining Unicode char U+00CC (decimal 204)
   defining Unicode char U+00CD (decimal 205)
   defining Unicode char U+00D2 (decimal 210)
   defining Unicode char U+00D3 (decimal 211)
   defining Unicode char U+00D4 (decimal 212)
   defining Unicode char U+00D5 (decimal 213)
   defining Unicode char U+00D9 (decimal 217)
   defining Unicode char U+00DA (decimal 218)
   defining Unicode char U+00DD (decimal 221)
   defining Unicode char U+00E0 (decimal 224)
   defining Unicode char U+00E1 (decimal 225)
   defining Unicode char U+00E2 (decimal 226)
   defining Unicode char U+00E3 (decimal 227)
   defining Unicode char U+00E8 (decimal 232)
   defining Unicode char U+00E9 (decimal 233)
   defining Unicode char U+00EA (decimal 234)
   defining Unicode char U+00EC (decimal 236)
   defining Unicode char U+00ED (decimal 237)
   defining Unicode char U+00F2 (decimal 242)
   defining Unicode char U+00F3 (decimal 243)
   defining Unicode char U+00F4 (decimal 244)
   defining Unicode char U+00F5 (decimal 245)
   defining Unicode char U+00F9 (decimal 249)
   defining Unicode char U+00FA (decimal 250)
   defining Unicode char U+00FD (decimal 253)
   defining Unicode char U+0102 (decimal 258)
   defining Unicode char U+0103 (decimal 259)
   defining Unicode char U+0110 (decimal 272)
   defining Unicode char U+0111 (decimal 273)
   defining Unicode char U+0128 (decimal 296)
   defining Unicode char U+0129 (decimal 297)
   defining Unicode char U+0131 (decimal 305)
   defining Unicode char U+0168 (decimal 360)
   defining Unicode char U+0169 (decimal 361)
   defining Unicode char U+01A0 (decimal 416)
   defining Unicode char U+01A1 (decimal 417)
   defining Unicode char U+01AF (decimal 431)
   defining Unicode char U+01B0 (decimal 432)
   defining Unicode char U+1EA0 (decimal 7840)
   defining Unicode char U+1EA1 (decimal 7841)
   defining Unicode char U+1EA2 (decimal 7842)
   defining Unicode char U+1EA3 (decimal 7843)
   defining Unicode char U+1EA4 (decimal 7844)
   defining Unicode char U+1EA5 (decimal 7845)
   defining Unicode char U+1EA6 (decimal 7846)
   defining Unicode char U+1EA7 (decimal 7847)
   defining Unicode char U+1EA8 (decimal 7848)
   defining Unicode char U+1EA9 (decimal 7849)
   defining Unicode char U+1EAA (decimal 7850)
   defining Unicode char U+1EAB (decimal 7851)
   defining Unicode char U+1EAC (decimal 7852)
   defining Unicode char U+1EAD (decimal 7853)
   defining Unicode char U+1EAE (decimal 7854)
   defining Unicode char U+1EAF (decimal 7855)
   defining Unicode char U+1EB0 (decimal 7856)
   defining Unicode char U+1EB1 (decimal 7857)
   defining Unicode char U+1EB2 (decimal 7858)
   defining Unicode char U+1EB3 (decimal 7859)
   defining Unicode char U+1EB4 (decimal 7860)
   defining Unicode char U+1EB5 (decimal 7861)
   defining Unicode char U+1EB6 (decimal 7862)
   defining Unicode char U+1EB7 (decimal 7863)
   defining Unicode char U+1EB8 (decimal 7864)
   defining Unicode char U+1EB9 (decimal 7865)
   defining Unicode char U+1EBA (decimal 7866)
   defining Unicode char U+1EBB (decimal 7867)
   defining Unicode char U+1EBC (decimal 7868)
   defining Unicode char U+1EBD (decimal 7869)
   defining Unicode char U+1EBE (decimal 7870)
   defining Unicode char U+1EBF (decimal 7871)
   defining Unicode char U+1EC0 (decimal 7872)
   defining Unicode char U+1EC1 (decimal 7873)
   defining Unicode char U+1EC2 (decimal 7874)
   defining Unicode char U+1EC3 (decimal 7875)
   defining Unicode char U+1EC4 (decimal 7876)
   defining Unicode char U+1EC5 (decimal 7877)
   defining Unicode char U+1EC6 (decimal 7878)
   defining Unicode char U+1EC7 (decimal 7879)
   defining Unicode char U+1EC8 (decimal 7880)
   defining Unicode char U+1EC9 (decimal 7881)
   defining Unicode char U+1ECA (decimal 7882)
   defining Unicode char U+1ECB (decimal 7883)
   defining Unicode char U+1ECC (decimal 7884)
   defining Unicode char U+1ECD (decimal 7885)
   defining Unicode char U+1ECE (decimal 7886)
   defining Unicode char U+1ECF (decimal 7887)
   defining Unicode char U+1ED0 (decimal 7888)
   defining Unicode char U+1ED1 (decimal 7889)
   defining Unicode char U+1ED2 (decimal 7890)
   defining Unicode char U+1ED3 (decimal 7891)
   defining Unicode char U+1ED4 (decimal 7892)
   defining Unicode char U+1ED5 (decimal 7893)
   defining Unicode char U+1ED6 (decimal 7894)
   defining Unicode char U+1ED7 (decimal 7895)
   defining Unicode char U+1ED8 (decimal 7896)
   defining Unicode char U+1ED9 (decimal 7897)
   defining Unicode char U+1EDA (decimal 7898)
   defining Unicode char U+1EDB (decimal 7899)
   defining Unicode char U+1EDC (decimal 7900)
   defining Unicode char U+1EDD (decimal 7901)
   defining Unicode char U+1EDE (decimal 7902)
   defining Unicode char U+1EDF (decimal 7903)
   defining Unicode char U+1EE0 (decimal 7904)
   defining Unicode char U+1EE1 (decimal 7905)
   defining Unicode char U+1EE2 (decimal 7906)
   defining Unicode char U+1EE3 (decimal 7907)
   defining Unicode char U+1EE4 (decimal 7908)
   defining Unicode char U+1EE5 (decimal 7909)
   defining Unicode char U+1EE6 (decimal 7910)
   defining Unicode char U+1EE7 (decimal 7911)
   defining Unicode char U+1EE8 (decimal 7912)
   defining Unicode char U+1EE9 (decimal 7913)
   defining Unicode char U+1EEA (decimal 7914)
   defining Unicode char U+1EEB (decimal 7915)
   defining Unicode char U+1EEC (decimal 7916)
   defining Unicode char U+1EED (decimal 7917)
   defining Unicode char U+1EEE (decimal 7918)
   defining Unicode char U+1EEF (decimal 7919)
   defining Unicode char U+1EF0 (decimal 7920)
   defining Unicode char U+1EF1 (decimal 7921)
   defining Unicode char U+1EF2 (decimal 7922)
   defining Unicode char U+1EF3 (decimal 7923)
   defining Unicode char U+1EF4 (decimal 7924)
   defining Unicode char U+1EF5 (decimal 7925)
   defining Unicode char U+1EF6 (decimal 7926)
   defining Unicode char U+1EF7 (decimal 7927)
   defining Unicode char U+1EF8 (decimal 7928)
   defining Unicode char U+1EF9 (decimal 7929)
   defining Unicode char U+200C (decimal 8204)
   defining Unicode char U+2013 (decimal 8211)
   defining Unicode char U+2014 (decimal 8212)
   defining Unicode char U+2018 (decimal 8216)
   defining Unicode char U+2019 (decimal 8217)
   defining Unicode char U+201A (decimal 8218)
   defining Unicode char U+201C (decimal 8220)
   defining Unicode char U+201D (decimal 8221)
   defining Unicode char U+201E (decimal 8222)
   defining Unicode char U+2030 (decimal 8240)
   defining Unicode char U+2031 (decimal 8241)
   defining Unicode char U+2039 (decimal 8249)
   defining Unicode char U+203A (decimal 8250)
   defining Unicode char U+2423 (decimal 9251)
))
LaTeX Font Info:    Trying to load font information for T5+cmr on input line 116.
 (c:/texlive/2025/texmf-dist/tex/latex/vntex/t5cmr.fd
File: t5cmr.fd 1999/05/25 v2.5h Standard LaTeX font definitions
))

Package vntex Warning: No input encoding specified, using UTF-8 as default on input line 88.

(c:/texlive/2025/texmf-dist/tex/latex/base/inputenc.sty
Package: inputenc 2024/02/08 v1.3d Input encoding file
\inpenc@prehook=\toks17
\inpenc@posthook=\toks18
) (c:/texlive/2025/texmf-dist/tex/latex/vntex/vncaps.tex
File: vncaps.tex 2006/06/07 v1.1 Captions in Vietnamese
)) (c:/texlive/2025/texmf-dist/tex/latex/psnfss/mathptmx.sty
Package: mathptmx 2020/03/25 PSNFSS-v9.3 Times w/ Math, improved (SPQR, WaS) 
LaTeX Font Info:    Redeclaring symbol font `operators' on input line 28.
LaTeX Font Info:    Overwriting symbol font `operators' in version `normal'
(Font)                  OT1/cmr/m/n --> OT1/ztmcm/m/n on input line 28.
LaTeX Font Info:    Overwriting symbol font `operators' in version `bold'
(Font)                  OT1/cmr/bx/n --> OT1/ztmcm/m/n on input line 28.
LaTeX Font Info:    Redeclaring symbol font `letters' on input line 29.
LaTeX Font Info:    Overwriting symbol font `letters' in version `normal'
(Font)                  OML/cmm/m/it --> OML/ztmcm/m/it on input line 29.
LaTeX Font Info:    Overwriting symbol font `letters' in version `bold'
(Font)                  OML/cmm/b/it --> OML/ztmcm/m/it on input line 29.
LaTeX Font Info:    Redeclaring symbol font `symbols' on input line 30.
LaTeX Font Info:    Overwriting symbol font `symbols' in version `normal'
(Font)                  OMS/cmsy/m/n --> OMS/ztmcm/m/n on input line 30.
LaTeX Font Info:    Overwriting symbol font `symbols' in version `bold'
(Font)                  OMS/cmsy/b/n --> OMS/ztmcm/m/n on input line 30.
LaTeX Font Info:    Redeclaring symbol font `largesymbols' on input line 31.
LaTeX Font Info:    Overwriting symbol font `largesymbols' in version `normal'
(Font)                  OMX/cmex/m/n --> OMX/ztmcm/m/n on input line 31.
LaTeX Font Info:    Overwriting symbol font `largesymbols' in version `bold'
(Font)                  OMX/cmex/m/n --> OMX/ztmcm/m/n on input line 31.
\symbold=\mathgroup4
\symitalic=\mathgroup5
LaTeX Font Info:    Redeclaring math alphabet \mathbf on input line 34.
LaTeX Font Info:    Overwriting math alphabet `\mathbf' in version `normal'
(Font)                  OT1/cmr/bx/n --> OT1/ptm/bx/n on input line 34.
LaTeX Font Info:    Overwriting math alphabet `\mathbf' in version `bold'
(Font)                  OT1/cmr/bx/n --> OT1/ptm/bx/n on input line 34.
LaTeX Font Info:    Redeclaring math alphabet \mathit on input line 35.
LaTeX Font Info:    Overwriting math alphabet `\mathit' in version `normal'
(Font)                  OT1/cmr/m/it --> OT1/ptm/m/it on input line 35.
LaTeX Font Info:    Overwriting math alphabet `\mathit' in version `bold'
(Font)                  OT1/cmr/bx/it --> OT1/ptm/m/it on input line 35.
LaTeX Info: Redefining \hbar on input line 50.
) (c:/texlive/2025/texmf-dist/tex/latex/a4wide/a4wide.sty
Package: a4wide 1994/08/30
 (c:/texlive/2025/texmf-dist/tex/latex/ntgclass/a4.sty
Package: a4 2023/01/10 v1.2g A4 based page layout
)) (c:/texlive/2025/texmf-dist/tex/latex/amsfonts/amssymb.sty
Package: amssymb 2013/01/14 v3.01 AMS font symbols
 (c:/texlive/2025/texmf-dist/tex/latex/amsfonts/amsfonts.sty
Package: amsfonts 2013/01/14 v3.01 Basic AMSFonts support
\@emptytoks=\toks19
\symAMSa=\mathgroup6
\symAMSb=\mathgroup7
LaTeX Font Info:    Overwriting math alphabet `\mathfrak' in version `bold'
(Font)                  U/euf/m/n --> U/euf/b/n on input line 106.
)) (c:/texlive/2025/texmf-dist/tex/latex/graphics/epsfig.sty
Package: epsfig 2024/01/14 v1.7b (e)psfig emulation (SPQR)
 (c:/texlive/2025/texmf-dist/tex/latex/graphics/graphicx.sty
Package: graphicx 2021/09/16 v1.2d Enhanced LaTeX Graphics (DPC,SPQR)
 (c:/texlive/2025/texmf-dist/tex/latex/graphics/keyval.sty
Package: keyval 2022/05/29 v1.15 key=value parser (DPC)
\KV@toks@=\toks20
) (c:/texlive/2025/texmf-dist/tex/latex/graphics/graphics.sty
Package: graphics 2024/08/06 v1.4g Standard LaTeX Graphics (DPC,SPQR)
 (c:/texlive/2025/texmf-dist/tex/latex/graphics/trig.sty
Package: trig 2023/12/02 v1.11 sin cos tan (DPC)
) (c:/texlive/2025/texmf-dist/tex/latex/graphics-cfg/graphics.cfg
File: graphics.cfg 2016/06/04 v1.11 sample graphics configuration
)
Package graphics Info: Driver file: pdftex.def on input line 106.
 (c:/texlive/2025/texmf-dist/tex/latex/graphics-def/pdftex.def
File: pdftex.def 2024/04/13 v1.2c Graphics/color driver for pdftex
))
\Gin@req@height=\dimen142
\Gin@req@width=\dimen143
)
\epsfxsize=\dimen144
\epsfysize=\dimen145
) (c:/texlive/2025/texmf-dist/tex/latex/base/latexsym.sty
Package: latexsym 1998/08/17 v2.2e Standard LaTeX package (lasy symbols)
\symlasy=\mathgroup8
LaTeX Font Info:    Overwriting symbol font `lasy' in version `bold'
(Font)                  U/lasy/m/n --> U/lasy/b/n on input line 52.
) (c:/texlive/2025/texmf-dist/tex/latex/tools/array.sty
Package: array 2024/10/17 v2.6g Tabular extension package (FMi)
\col@sep=\dimen146
\ar@mcellbox=\box52
\extrarowheight=\dimen147
\NC@list=\toks21
\extratabsurround=\skip51
\backup@length=\skip52
\ar@cellbox=\box53
) (c:/texlive/2025/texmf-dist/tex/latex/tools/hhline.sty
Package: hhline 2020/01/04 v2.04 Table rule package (DPC)
) (c:/texlive/2025/texmf-dist/tex/latex/fancyhdr/fancyhdr.sty
Package: fancyhdr 2025/02/07 v5.2 Extensive control of page headers and footers
\f@nch@headwidth=\skip53
\f@nch@offset@elh=\skip54
\f@nch@offset@erh=\skip55
\f@nch@offset@olh=\skip56
\f@nch@offset@orh=\skip57
\f@nch@offset@elf=\skip58
\f@nch@offset@erf=\skip59
\f@nch@offset@olf=\skip60
\f@nch@offset@orf=\skip61
\f@nch@height=\skip62
\f@nch@footalignment=\skip63
\f@nch@widthL=\skip64
\f@nch@widthC=\skip65
\f@nch@widthR=\skip66
\@temptokenb=\toks22
) (c:/texlive/2025/texmf-dist/tex/generic/ulem/ulem.sty
\UL@box=\box54
\UL@hyphenbox=\box55
\UL@skip=\skip67
\UL@hook=\toks23
\UL@height=\dimen148
\UL@pe=\count270
\UL@pixel=\dimen149
\ULC@box=\box56
Package: ulem 2019/11/18
\ULdepth=\dimen150
) (c:/texlive/2025/texmf-dist/tex/latex/float/float.sty
Package: float 2001/11/08 v1.3d Float enhancements (AL)
\c@float@type=\count271
\float@exts=\toks24
\float@box=\box57
\@float@everytoks=\toks25
\@floatcapt=\box58
) (c:/texlive/2025/texmf-dist/tex/latex/hyperref/hyperref.sty
Package: hyperref 2024-11-05 v7.01l Hypertext links for LaTeX
 (c:/texlive/2025/texmf-dist/tex/generic/iftex/iftex.sty
Package: iftex 2024/12/12 v1.0g TeX engine tests
) (c:/texlive/2025/texmf-dist/tex/latex/kvsetkeys/kvsetkeys.sty
Package: kvsetkeys 2022-10-05 v1.19 Key value parser (HO)
) (c:/texlive/2025/texmf-dist/tex/generic/kvdefinekeys/kvdefinekeys.sty
Package: kvdefinekeys 2019-12-19 v1.6 Define keys (HO)
) (c:/texlive/2025/texmf-dist/tex/generic/pdfescape/pdfescape.sty
Package: pdfescape 2019/12/09 v1.15 Implements pdfTeX's escape features (HO)
 (c:/texlive/2025/texmf-dist/tex/generic/ltxcmds/ltxcmds.sty
Package: ltxcmds 2023-12-04 v1.26 LaTeX kernel commands for general use (HO)
) (c:/texlive/2025/texmf-dist/tex/generic/pdftexcmds/pdftexcmds.sty
Package: pdftexcmds 2020-06-27 v0.33 Utility functions of pdfTeX for LuaTeX (HO)
 (c:/texlive/2025/texmf-dist/tex/generic/infwarerr/infwarerr.sty
Package: infwarerr 2019/12/03 v1.5 Providing info/warning/error messages (HO)
)
Package pdftexcmds Info: \pdf@primitive is available.
Package pdftexcmds Info: \pdf@ifprimitive is available.
Package pdftexcmds Info: \pdfdraftmode found.
)) (c:/texlive/2025/texmf-dist/tex/latex/hycolor/hycolor.sty
Package: hycolor 2020-01-27 v1.10 Color options for hyperref/bookmark (HO)
) (c:/texlive/2025/texmf-dist/tex/latex/hyperref/nameref.sty
Package: nameref 2023-11-26 v2.56 Cross-referencing by name of section
 (c:/texlive/2025/texmf-dist/tex/latex/refcount/refcount.sty
Package: refcount 2019/12/15 v3.6 Data extraction from label references (HO)
) (c:/texlive/2025/texmf-dist/tex/generic/gettitlestring/gettitlestring.sty
Package: gettitlestring 2019/12/15 v1.6 Cleanup title references (HO)
 (c:/texlive/2025/texmf-dist/tex/latex/kvoptions/kvoptions.sty
Package: kvoptions 2022-06-15 v3.15 Key value format for package options (HO)
))
\c@section@level=\count272
) (c:/texlive/2025/texmf-dist/tex/latex/etoolbox/etoolbox.sty
Package: etoolbox 2025/02/11 v2.5l e-TeX tools for LaTeX (JAW)
\etb@tempcnta=\count273
) (c:/texlive/2025/texmf-dist/tex/generic/stringenc/stringenc.sty
Package: stringenc 2019/11/29 v1.12 Convert strings between diff. encodings (HO)
)
\@linkdim=\dimen151
\Hy@linkcounter=\count274
\Hy@pagecounter=\count275
 (c:/texlive/2025/texmf-dist/tex/latex/hyperref/pd1enc.def
File: pd1enc.def 2024-11-05 v7.01l Hyperref: PDFDocEncoding definition (HO)
Now handling font encoding PD1 ...
... no UTF-8 mapping file for font encoding PD1
) (c:/texlive/2025/texmf-dist/tex/generic/intcalc/intcalc.sty
Package: intcalc 2019/12/15 v1.3 Expandable calculations with integers (HO)
)
\Hy@SavedSpaceFactor=\count276
 (c:/texlive/2025/texmf-dist/tex/latex/hyperref/puenc.def
File: puenc.def 2024-11-05 v7.01l Hyperref: PDF Unicode definition (HO)
Now handling font encoding PU ...
... no UTF-8 mapping file for font encoding PU
)
Package hyperref Info: Hyper figures OFF on input line 4157.
Package hyperref Info: Link nesting OFF on input line 4162.
Package hyperref Info: Hyper index ON on input line 4165.
Package hyperref Info: Plain pages OFF on input line 4172.
Package hyperref Info: Backreferencing OFF on input line 4177.
Package hyperref Info: Implicit mode ON; LaTeX internals redefined.
Package hyperref Info: Bookmarks ON on input line 4424.
\c@Hy@tempcnt=\count277
 (c:/texlive/2025/texmf-dist/tex/latex/url/url.sty
\Urlmuskip=\muskip17
Package: url 2013/09/16  ver 3.4  Verb mode for urls, etc.
)
LaTeX Info: Redefining \url on input line 4763.
\XeTeXLinkMargin=\dimen152
 (c:/texlive/2025/texmf-dist/tex/generic/bitset/bitset.sty
Package: bitset 2019/12/09 v1.3 Handle bit-vector datatype (HO)
 (c:/texlive/2025/texmf-dist/tex/generic/bigintcalc/bigintcalc.sty
Package: bigintcalc 2019/12/15 v1.5 Expandable calculations on big integers (HO)
))
\Fld@menulength=\count278
\Field@Width=\dimen153
\Fld@charsize=\dimen154
Package hyperref Info: Hyper figures OFF on input line 6042.
Package hyperref Info: Link nesting OFF on input line 6047.
Package hyperref Info: Hyper index ON on input line 6050.
Package hyperref Info: backreferencing OFF on input line 6057.
Package hyperref Info: Link coloring OFF on input line 6062.
Package hyperref Info: Link coloring with OCG OFF on input line 6067.
Package hyperref Info: PDF/A mode OFF on input line 6072.
 (c:/texlive/2025/texmf-dist/tex/latex/base/atbegshi-ltx.sty
Package: atbegshi-ltx 2021/01/10 v1.0c Emulation of the original atbegshi
package with kernel methods
)
\Hy@abspage=\count279
\c@Item=\count280
\c@Hfootnote=\count281
)
Package hyperref Info: Driver (autodetected): hpdftex.
 (c:/texlive/2025/texmf-dist/tex/latex/hyperref/hpdftex.def
File: hpdftex.def 2024-11-05 v7.01l Hyperref driver for pdfTeX
 (c:/texlive/2025/texmf-dist/tex/latex/base/atveryend-ltx.sty
Package: atveryend-ltx 2020/08/19 v1.0a Emulation of the original atveryend package
with kernel methods
)
\Fld@listcount=\count282
\c@bookmark@seq@number=\count283
 (c:/texlive/2025/texmf-dist/tex/latex/rerunfilecheck/rerunfilecheck.sty
Package: rerunfilecheck 2022-07-10 v1.10 Rerun checks for auxiliary files (HO)
 (c:/texlive/2025/texmf-dist/tex/generic/uniquecounter/uniquecounter.sty
Package: uniquecounter 2019/12/15 v1.4 Provide unlimited unique counter (HO)
)
Package uniquecounter Info: New unique counter `rerunfilecheck' on input line 285.
)
\Hy@SectionHShift=\skip68
) (c:/texlive/2025/texmf-dist/tex/latex/graphics/rotating.sty
Package: rotating 2016/08/11 v2.16d rotated objects in LaTeX
\c@r@tfl@t=\count284
\rotFPtop=\skip69
\rotFPbot=\skip70
\rot@float@box=\box59
\rot@mess@toks=\toks26
) (c:/texlive/2025/texmf-dist/tex/latex/cancel/cancel.sty
Package: cancel 2013/04/12 v2.2 Cancel math terms
) (c:/texlive/2025/texmf-dist/tex/latex/amsmath/amsmath.sty
Package: amsmath 2024/11/05 v2.17t AMS math features
\@mathmargin=\skip71

For additional information on amsmath, use the `?' option.
(c:/texlive/2025/texmf-dist/tex/latex/amsmath/amstext.sty
Package: amstext 2021/08/26 v2.01 AMS text
 (c:/texlive/2025/texmf-dist/tex/latex/amsmath/amsgen.sty
File: amsgen.sty 1999/11/30 v2.0 generic functions
\@emptytoks=\toks27
\ex@=\dimen155
)) (c:/texlive/2025/texmf-dist/tex/latex/amsmath/amsbsy.sty
Package: amsbsy 1999/11/29 v1.2d Bold Symbols
\pmbraise@=\dimen156
) (c:/texlive/2025/texmf-dist/tex/latex/amsmath/amsopn.sty
Package: amsopn 2022/04/08 v2.04 operator names
)
\inf@bad=\count285
LaTeX Info: Redefining \frac on input line 233.
\uproot@=\count286
\leftroot@=\count287
LaTeX Info: Redefining \overline on input line 398.
LaTeX Info: Redefining \colon on input line 409.
\classnum@=\count288
\DOTSCASE@=\count289
LaTeX Info: Redefining \ldots on input line 495.
LaTeX Info: Redefining \dots on input line 498.
LaTeX Info: Redefining \cdots on input line 619.
\Mathstrutbox@=\box60
\strutbox@=\box61
LaTeX Info: Redefining \big on input line 721.
LaTeX Info: Redefining \Big on input line 722.
LaTeX Info: Redefining \bigg on input line 723.
LaTeX Info: Redefining \Bigg on input line 724.
\big@size=\dimen157
LaTeX Font Info:    Redeclaring font encoding OML on input line 742.
LaTeX Font Info:    Redeclaring font encoding OMS on input line 743.
\macc@depth=\count290
LaTeX Info: Redefining \bmod on input line 904.
LaTeX Info: Redefining \pmod on input line 909.
LaTeX Info: Redefining \smash on input line 939.
LaTeX Info: Redefining \relbar on input line 969.
LaTeX Info: Redefining \Relbar on input line 970.
\c@MaxMatrixCols=\count291
\dotsspace@=\muskip18
\c@parentequation=\count292
\dspbrk@lvl=\count293
\tag@help=\toks28
\row@=\count294
\column@=\count295
\maxfields@=\count296
\andhelp@=\toks29
\eqnshift@=\dimen158
\alignsep@=\dimen159
\tagshift@=\dimen160
\tagwidth@=\dimen161
\totwidth@=\dimen162
\lineht@=\dimen163
\@envbody=\toks30
\multlinegap=\skip72
\multlinetaggap=\skip73
\mathdisplay@stack=\toks31
LaTeX Info: Redefining \[ on input line 2953.
LaTeX Info: Redefining \] on input line 2954.
) (c:/texlive/2025/texmf-dist/tex/latex/amscls/amsthm.sty
Package: amsthm 2020/05/29 v2.20.6
\thm@style=\toks32
\thm@bodyfont=\toks33
\thm@headfont=\toks34
\thm@notefont=\toks35
\thm@headpunct=\toks36
\thm@preskip=\skip74
\thm@postskip=\skip75
\thm@headsep=\skip76
\dth@everypar=\toks37
) (c:/texlive/2025/texmf-dist/tex/latex/tools/multicol.sty
Package: multicol 2024/09/14 v1.9i multicolumn formatting (FMi)
\c@tracingmulticols=\count297
\mult@box=\box62
\multicol@leftmargin=\dimen164
\c@unbalance=\count298
\c@collectmore=\count299
\doublecol@number=\count300
\multicoltolerance=\count301
\multicolpretolerance=\count302
\full@width=\dimen165
\page@free=\dimen166
\premulticols=\dimen167
\postmulticols=\dimen168
\multicolsep=\skip77
\multicolbaselineskip=\skip78
\partial@page=\box63
\last@line=\box64
\mc@boxedresult=\box65
\maxbalancingoverflow=\dimen169
\mult@rightbox=\box66
\mult@grightbox=\box67
\mult@firstbox=\box68
\mult@gfirstbox=\box69
\@tempa=\box70
\@tempa=\box71
\@tempa=\box72
\@tempa=\box73
\@tempa=\box74
\@tempa=\box75
\@tempa=\box76
\@tempa=\box77
\@tempa=\box78
\@tempa=\box79
\@tempa=\box80
\@tempa=\box81
\@tempa=\box82
\@tempa=\box83
\@tempa=\box84
\@tempa=\box85
\@tempa=\box86
\@tempa=\box87
\@tempa=\box88
\@tempa=\box89
\@tempa=\box90
\@tempa=\box91
\@tempa=\box92
\@tempa=\box93
\@tempa=\box94
\@tempa=\box95
\@tempa=\box96
\@tempa=\box97
\@tempa=\box98
\@tempa=\box99
\@tempa=\box100
\@tempa=\box101
\@tempa=\box102
\@tempa=\box103
\@tempa=\box104
\@tempa=\box105
\c@minrows=\count303
\c@columnbadness=\count304
\c@finalcolumnbadness=\count305
\last@try=\dimen170
\multicolovershoot=\dimen171
\multicolundershoot=\dimen172
\mult@nat@firstbox=\box106
\colbreak@box=\box107
\mc@col@check@num=\count306
) (c:/texlive/2025/texmf-dist/tex/latex/tools/longtable.sty
Package: longtable 2024-10-27 v4.22 Multi-page Table package (DPC)
\LTleft=\skip79
\LTright=\skip80
\LTpre=\skip81
\LTpost=\skip82
\LTchunksize=\count307
\LTcapwidth=\dimen173
\LT@head=\box108
\LT@firsthead=\box109
\LT@foot=\box110
\LT@lastfoot=\box111
\LT@gbox=\box112
\LT@cols=\count308
\LT@rows=\count309
\c@LT@tables=\count310
\c@LT@chunks=\count311
\LT@p@ftn=\toks38
) (c:/texlive/2025/texmf-dist/tex/latex/amsmath/amscd.sty
Package: amscd 2017/04/14 v2.1 AMS Commutative Diagrams
\athelp@=\toks39
\minaw@=\dimen174
\bigaw@=\dimen175
\minCDarrowwidth=\dimen176
) (c:/texlive/2025/texmf-dist/tex/latex/diagbox/diagbox.sty
Package: diagbox 2020/02/09 v2.3 Making table heads with diagonal lines
 (c:/texlive/2025/texmf-dist/tex/latex/pict2e/pict2e.sty
Package: pict2e 2020/09/30 v0.4b Improved picture commands (HjG,RN,JT)
 (c:/texlive/2025/texmf-dist/tex/latex/pict2e/pict2e.cfg
File: pict2e.cfg 2016/02/05 v0.1u pict2e configuration for teTeX/TeXLive
)
Package pict2e Info: Driver file: pdftex.def on input line 112.
Package pict2e Info: Driver file for pict2e: p2e-pdftex.def on input line 114.
 (c:/texlive/2025/texmf-dist/tex/latex/pict2e/p2e-pdftex.def
File: p2e-pdftex.def 2016/02/05 v0.1u Driver-dependant file (RN,HjG,JT)
)
\pIIe@GRAPH=\toks40
\@arclen=\dimen177
\@arcrad=\dimen178
\pIIe@tempdima=\dimen179
\pIIe@tempdimb=\dimen180
\pIIe@tempdimc=\dimen181
\pIIe@tempdimd=\dimen182
\pIIe@tempdime=\dimen183
\pIIe@tempdimf=\dimen184
) (c:/texlive/2025/texmf-dist/tex/latex/tools/calc.sty
Package: calc 2023/07/08 v4.3 Infix arithmetic (KKT,FJ)
\calc@Acount=\count312
\calc@Bcount=\count313
\calc@Adimen=\dimen185
\calc@Bdimen=\dimen186
\calc@Askip=\skip83
\calc@Bskip=\skip84
LaTeX Info: Redefining \setlength on input line 80.
LaTeX Info: Redefining \addtolength on input line 81.
\calc@Ccount=\count314
\calc@Cskip=\skip85
)
\diagbox@boxa=\box113
\diagbox@boxb=\box114
\diagbox@boxm=\box115
\diagbox@wd=\dimen187
\diagbox@ht=\dimen188
\diagbox@insepl=\dimen189
\diagbox@insepr=\dimen190
\diagbox@outsepl=\dimen191
\diagbox@outsepr=\dimen192
) (c:/texlive/2025/texmf-dist/tex/latex/booktabs/booktabs.sty
Package: booktabs 2020/01/12 v1.61803398 Publication quality tables
\heavyrulewidth=\dimen193
\lightrulewidth=\dimen194
\cmidrulewidth=\dimen195
\belowrulesep=\dimen196
\belowbottomsep=\dimen197
\aboverulesep=\dimen198
\abovetopsep=\dimen199
\cmidrulesep=\dimen256
\cmidrulekern=\dimen257
\defaultaddspace=\dimen258
\@cmidla=\count315
\@cmidlb=\count316
\@aboverulesep=\dimen259
\@belowrulesep=\dimen260
\@thisruleclass=\count317
\@lastruleclass=\count318
\@thisrulewidth=\dimen261
) (c:/texlive/2025/texmf-dist/tex/latex/base/alltt.sty
Package: alltt 2024/07/07 v2.0g defines alltt environment
) (c:/texlive/2025/texmf-dist/tex/latex/mdframed/mdframed.sty
Package: mdframed 2013/07/01 1.9b: mdframed
 (c:/texlive/2025/texmf-dist/tex/latex/l3packages/xparse/xparse.sty (c:/texlive/2025/texmf-dist/tex/latex/l3kernel/expl3.sty
Package: expl3 2025-01-18 L3 programming layer (loader) 
 (c:/texlive/2025/texmf-dist/tex/latex/l3backend/l3backend-pdftex.def
File: l3backend-pdftex.def 2024-05-08 L3 backend support: PDF output (pdfTeX)
\l__color_backend_stack_int=\count319
\l__pdf_internal_box=\box116
))
Package: xparse 2024-08-16 L3 Experimental document command parser
) (c:/texlive/2025/texmf-dist/tex/latex/zref/zref-abspage.sty
Package: zref-abspage 2023-09-14 v2.35 Module abspage for zref (HO)
 (c:/texlive/2025/texmf-dist/tex/latex/zref/zref-base.sty
Package: zref-base 2023-09-14 v2.35 Module base for zref (HO)
 (c:/texlive/2025/texmf-dist/tex/generic/etexcmds/etexcmds.sty
Package: etexcmds 2019/12/15 v1.7 Avoid name clashes with e-TeX commands (HO)
) (c:/texlive/2025/texmf-dist/tex/latex/auxhook/auxhook.sty
Package: auxhook 2019-12-17 v1.6 Hooks for auxiliary files (HO)
)
Package zref Info: New property list: main on input line 767.
Package zref Info: New property: default on input line 768.
Package zref Info: New property: page on input line 769.
)
\c@abspage=\count320
Package zref Info: New property: abspage on input line 67.
) (c:/texlive/2025/texmf-dist/tex/latex/needspace/needspace.sty
Package: needspace 2010/09/12 v1.3d reserve vertical space
) (c:/texlive/2025/texmf-dist/tex/latex/graphics/color.sty
Package: color 2024/06/23 v1.3e Standard LaTeX Color (DPC)
 (c:/texlive/2025/texmf-dist/tex/latex/graphics-cfg/color.cfg
File: color.cfg 2016/01/02 v1.6 sample color configuration
)
Package color Info: Driver file: pdftex.def on input line 149.
 (c:/texlive/2025/texmf-dist/tex/latex/graphics/mathcolor.ltx))
\mdf@templength=\skip86
\c@mdf@globalstyle@cnt=\count321
\mdf@skipabove@length=\skip87
\mdf@skipbelow@length=\skip88
\mdf@leftmargin@length=\skip89
\mdf@rightmargin@length=\skip90
\mdf@innerleftmargin@length=\skip91
\mdf@innerrightmargin@length=\skip92
\mdf@innertopmargin@length=\skip93
\mdf@innerbottommargin@length=\skip94
\mdf@splittopskip@length=\skip95
\mdf@splitbottomskip@length=\skip96
\mdf@outermargin@length=\skip97
\mdf@innermargin@length=\skip98
\mdf@linewidth@length=\skip99
\mdf@innerlinewidth@length=\skip100
\mdf@middlelinewidth@length=\skip101
\mdf@outerlinewidth@length=\skip102
\mdf@roundcorner@length=\skip103
\mdf@footenotedistance@length=\skip104
\mdf@userdefinedwidth@length=\skip105
\mdf@needspace@length=\skip106
\mdf@frametitleaboveskip@length=\skip107
\mdf@frametitlebelowskip@length=\skip108
\mdf@frametitlerulewidth@length=\skip109
\mdf@frametitleleftmargin@length=\skip110
\mdf@frametitlerightmargin@length=\skip111
\mdf@shadowsize@length=\skip112
\mdf@extratopheight@length=\skip113
\mdf@subtitleabovelinewidth@length=\skip114
\mdf@subtitlebelowlinewidth@length=\skip115
\mdf@subtitleaboveskip@length=\skip116
\mdf@subtitlebelowskip@length=\skip117
\mdf@subtitleinneraboveskip@length=\skip118
\mdf@subtitleinnerbelowskip@length=\skip119
\mdf@subsubtitleabovelinewidth@length=\skip120
\mdf@subsubtitlebelowlinewidth@length=\skip121
\mdf@subsubtitleaboveskip@length=\skip122
\mdf@subsubtitlebelowskip@length=\skip123
\mdf@subsubtitleinneraboveskip@length=\skip124
\mdf@subsubtitleinnerbelowskip@length=\skip125
 (c:/texlive/2025/texmf-dist/tex/latex/pgf/frontendlayer/tikz.sty (c:/texlive/2025/texmf-dist/tex/latex/pgf/basiclayer/pgf.sty (c:/texlive/2025/texmf-dist/tex/latex/pgf/utilities/pgfrcs.sty (c:/texlive/2025/texmf-dist/tex/generic/pgf/utilities/pgfutil-common.tex
\pgfutil@everybye=\toks41
\pgfutil@tempdima=\dimen262
\pgfutil@tempdimb=\dimen263
) (c:/texlive/2025/texmf-dist/tex/generic/pgf/utilities/pgfutil-latex.def
\pgfutil@abb=\box117
) (c:/texlive/2025/texmf-dist/tex/generic/pgf/utilities/pgfrcs.code.tex (c:/texlive/2025/texmf-dist/tex/generic/pgf/pgf.revision.tex)
Package: pgfrcs 2023-01-15 v3.1.10 (3.1.10)
))
Package: pgf 2023-01-15 v3.1.10 (3.1.10)
 (c:/texlive/2025/texmf-dist/tex/latex/pgf/basiclayer/pgfcore.sty (c:/texlive/2025/texmf-dist/tex/latex/pgf/systemlayer/pgfsys.sty (c:/texlive/2025/texmf-dist/tex/generic/pgf/systemlayer/pgfsys.code.tex
Package: pgfsys 2023-01-15 v3.1.10 (3.1.10)
 (c:/texlive/2025/texmf-dist/tex/generic/pgf/utilities/pgfkeys.code.tex
\pgfkeys@pathtoks=\toks42
\pgfkeys@temptoks=\toks43
 (c:/texlive/2025/texmf-dist/tex/generic/pgf/utilities/pgfkeyslibraryfiltered.code.tex
\pgfkeys@tmptoks=\toks44
))
\pgf@x=\dimen264
\pgf@y=\dimen265
\pgf@xa=\dimen266
\pgf@ya=\dimen267
\pgf@xb=\dimen268
\pgf@yb=\dimen269
\pgf@xc=\dimen270
\pgf@yc=\dimen271
\pgf@xd=\dimen272
\pgf@yd=\dimen273
\w@pgf@writea=\write3
\r@pgf@reada=\read2
\c@pgf@counta=\count322
\c@pgf@countb=\count323
\c@pgf@countc=\count324
\c@pgf@countd=\count325
\t@pgf@toka=\toks45
\t@pgf@tokb=\toks46
\t@pgf@tokc=\toks47
\pgf@sys@id@count=\count326
 (c:/texlive/2025/texmf-dist/tex/generic/pgf/systemlayer/pgf.cfg
File: pgf.cfg 2023-01-15 v3.1.10 (3.1.10)
)
Driver file for pgf: pgfsys-pdftex.def
 (c:/texlive/2025/texmf-dist/tex/generic/pgf/systemlayer/pgfsys-pdftex.def
File: pgfsys-pdftex.def 2023-01-15 v3.1.10 (3.1.10)
 (c:/texlive/2025/texmf-dist/tex/generic/pgf/systemlayer/pgfsys-common-pdf.def
File: pgfsys-common-pdf.def 2023-01-15 v3.1.10 (3.1.10)
))) (c:/texlive/2025/texmf-dist/tex/generic/pgf/systemlayer/pgfsyssoftpath.code.tex
File: pgfsyssoftpath.code.tex 2023-01-15 v3.1.10 (3.1.10)
\pgfsyssoftpath@smallbuffer@items=\count327
\pgfsyssoftpath@bigbuffer@items=\count328
) (c:/texlive/2025/texmf-dist/tex/generic/pgf/systemlayer/pgfsysprotocol.code.tex
File: pgfsysprotocol.code.tex 2023-01-15 v3.1.10 (3.1.10)
)) (c:/texlive/2025/texmf-dist/tex/latex/xcolor/xcolor.sty
Package: xcolor 2024/09/29 v3.02 LaTeX color extensions (UK)
 (c:/texlive/2025/texmf-dist/tex/latex/graphics-cfg/color.cfg
File: color.cfg 2016/01/02 v1.6 sample color configuration
)
Package xcolor Info: Driver file: pdftex.def on input line 274.
LaTeX Info: Redefining \color on input line 762.
 (c:/texlive/2025/texmf-dist/tex/latex/graphics/mathcolor.ltx)
Package xcolor Info: Model `cmy' substituted by `cmy0' on input line 1349.
Package xcolor Info: Model `hsb' substituted by `rgb' on input line 1353.
Package xcolor Info: Model `RGB' extended on input line 1365.
Package xcolor Info: Model `HTML' substituted by `rgb' on input line 1367.
Package xcolor Info: Model `Hsb' substituted by `hsb' on input line 1368.
Package xcolor Info: Model `tHsb' substituted by `hsb' on input line 1369.
Package xcolor Info: Model `HSB' substituted by `hsb' on input line 1370.
Package xcolor Info: Model `Gray' substituted by `gray' on input line 1371.
Package xcolor Info: Model `wave' substituted by `hsb' on input line 1372.
) (c:/texlive/2025/texmf-dist/tex/generic/pgf/basiclayer/pgfcore.code.tex
Package: pgfcore 2023-01-15 v3.1.10 (3.1.10)
 (c:/texlive/2025/texmf-dist/tex/generic/pgf/math/pgfmath.code.tex (c:/texlive/2025/texmf-dist/tex/generic/pgf/math/pgfmathutil.code.tex) (c:/texlive/2025/texmf-dist/tex/generic/pgf/math/pgfmathparser.code.tex
\pgfmath@dimen=\dimen274
\pgfmath@count=\count329
\pgfmath@box=\box118
\pgfmath@toks=\toks48
\pgfmath@stack@operand=\toks49
\pgfmath@stack@operation=\toks50
) (c:/texlive/2025/texmf-dist/tex/generic/pgf/math/pgfmathfunctions.code.tex) (c:/texlive/2025/texmf-dist/tex/generic/pgf/math/pgfmathfunctions.basic.code.tex) (c:/texlive/2025/texmf-dist/tex/generic/pgf/math/pgfmathfunctions.trigonometric.code.tex) (c:/texlive/2025/texmf-dist/tex/generic/pgf/math/pgfmathfunctions.random.code.tex) (c:/texlive/2025/texmf-dist/tex/generic/pgf/math/pgfmathfunctions.comparison.code.tex) (c:/texlive/2025/texmf-dist/tex/generic/pgf/math/pgfmathfunctions.base.code.tex) (c:/texlive/2025/texmf-dist/tex/generic/pgf/math/pgfmathfunctions.round.code.tex) (c:/texlive/2025/texmf-dist/tex/generic/pgf/math/pgfmathfunctions.misc.code.tex) (c:/texlive/2025/texmf-dist/tex/generic/pgf/math/pgfmathfunctions.integerarithmetics.code.tex) (c:/texlive/2025/texmf-dist/tex/generic/pgf/math/pgfmathcalc.code.tex) (c:/texlive/2025/texmf-dist/tex/generic/pgf/math/pgfmathfloat.code.tex
\c@pgfmathroundto@lastzeros=\count330
)) (c:/texlive/2025/texmf-dist/tex/generic/pgf/math/pgfint.code.tex) (c:/texlive/2025/texmf-dist/tex/generic/pgf/basiclayer/pgfcorepoints.code.tex
File: pgfcorepoints.code.tex 2023-01-15 v3.1.10 (3.1.10)
\pgf@picminx=\dimen275
\pgf@picmaxx=\dimen276
\pgf@picminy=\dimen277
\pgf@picmaxy=\dimen278
\pgf@pathminx=\dimen279
\pgf@pathmaxx=\dimen280
\pgf@pathminy=\dimen281
\pgf@pathmaxy=\dimen282
\pgf@xx=\dimen283
\pgf@xy=\dimen284
\pgf@yx=\dimen285
\pgf@yy=\dimen286
\pgf@zx=\dimen287
\pgf@zy=\dimen288
) (c:/texlive/2025/texmf-dist/tex/generic/pgf/basiclayer/pgfcorepathconstruct.code.tex
File: pgfcorepathconstruct.code.tex 2023-01-15 v3.1.10 (3.1.10)
\pgf@path@lastx=\dimen289
\pgf@path@lasty=\dimen290
) (c:/texlive/2025/texmf-dist/tex/generic/pgf/basiclayer/pgfcorepathusage.code.tex
File: pgfcorepathusage.code.tex 2023-01-15 v3.1.10 (3.1.10)
\pgf@shorten@end@additional=\dimen291
\pgf@shorten@start@additional=\dimen292
) (c:/texlive/2025/texmf-dist/tex/generic/pgf/basiclayer/pgfcorescopes.code.tex
File: pgfcorescopes.code.tex 2023-01-15 v3.1.10 (3.1.10)
\pgfpic=\box119
\pgf@hbox=\box120
\pgf@layerbox@main=\box121
\pgf@picture@serial@count=\count331
) (c:/texlive/2025/texmf-dist/tex/generic/pgf/basiclayer/pgfcoregraphicstate.code.tex
File: pgfcoregraphicstate.code.tex 2023-01-15 v3.1.10 (3.1.10)
\pgflinewidth=\dimen293
) (c:/texlive/2025/texmf-dist/tex/generic/pgf/basiclayer/pgfcoretransformations.code.tex
File: pgfcoretransformations.code.tex 2023-01-15 v3.1.10 (3.1.10)
\pgf@pt@x=\dimen294
\pgf@pt@y=\dimen295
\pgf@pt@temp=\dimen296
) (c:/texlive/2025/texmf-dist/tex/generic/pgf/basiclayer/pgfcorequick.code.tex
File: pgfcorequick.code.tex 2023-01-15 v3.1.10 (3.1.10)
) (c:/texlive/2025/texmf-dist/tex/generic/pgf/basiclayer/pgfcoreobjects.code.tex
File: pgfcoreobjects.code.tex 2023-01-15 v3.1.10 (3.1.10)
) (c:/texlive/2025/texmf-dist/tex/generic/pgf/basiclayer/pgfcorepathprocessing.code.tex
File: pgfcorepathprocessing.code.tex 2023-01-15 v3.1.10 (3.1.10)
) (c:/texlive/2025/texmf-dist/tex/generic/pgf/basiclayer/pgfcorearrows.code.tex
File: pgfcorearrows.code.tex 2023-01-15 v3.1.10 (3.1.10)
\pgfarrowsep=\dimen297
) (c:/texlive/2025/texmf-dist/tex/generic/pgf/basiclayer/pgfcoreshade.code.tex
File: pgfcoreshade.code.tex 2023-01-15 v3.1.10 (3.1.10)
\pgf@max=\dimen298
\pgf@sys@shading@range@num=\count332
\pgf@shadingcount=\count333
) (c:/texlive/2025/texmf-dist/tex/generic/pgf/basiclayer/pgfcoreimage.code.tex
File: pgfcoreimage.code.tex 2023-01-15 v3.1.10 (3.1.10)
) (c:/texlive/2025/texmf-dist/tex/generic/pgf/basiclayer/pgfcoreexternal.code.tex
File: pgfcoreexternal.code.tex 2023-01-15 v3.1.10 (3.1.10)
\pgfexternal@startupbox=\box122
) (c:/texlive/2025/texmf-dist/tex/generic/pgf/basiclayer/pgfcorelayers.code.tex
File: pgfcorelayers.code.tex 2023-01-15 v3.1.10 (3.1.10)
) (c:/texlive/2025/texmf-dist/tex/generic/pgf/basiclayer/pgfcoretransparency.code.tex
File: pgfcoretransparency.code.tex 2023-01-15 v3.1.10 (3.1.10)
) (c:/texlive/2025/texmf-dist/tex/generic/pgf/basiclayer/pgfcorepatterns.code.tex
File: pgfcorepatterns.code.tex 2023-01-15 v3.1.10 (3.1.10)
) (c:/texlive/2025/texmf-dist/tex/generic/pgf/basiclayer/pgfcorerdf.code.tex
File: pgfcorerdf.code.tex 2023-01-15 v3.1.10 (3.1.10)
))) (c:/texlive/2025/texmf-dist/tex/generic/pgf/modules/pgfmoduleshapes.code.tex
File: pgfmoduleshapes.code.tex 2023-01-15 v3.1.10 (3.1.10)
\pgfnodeparttextbox=\box123
) (c:/texlive/2025/texmf-dist/tex/generic/pgf/modules/pgfmoduleplot.code.tex
File: pgfmoduleplot.code.tex 2023-01-15 v3.1.10 (3.1.10)
) (c:/texlive/2025/texmf-dist/tex/latex/pgf/compatibility/pgfcomp-version-0-65.sty
Package: pgfcomp-version-0-65 2023-01-15 v3.1.10 (3.1.10)
\pgf@nodesepstart=\dimen299
\pgf@nodesepend=\dimen300
) (c:/texlive/2025/texmf-dist/tex/latex/pgf/compatibility/pgfcomp-version-1-18.sty
Package: pgfcomp-version-1-18 2023-01-15 v3.1.10 (3.1.10)
)) (c:/texlive/2025/texmf-dist/tex/latex/pgf/utilities/pgffor.sty (c:/texlive/2025/texmf-dist/tex/latex/pgf/utilities/pgfkeys.sty (c:/texlive/2025/texmf-dist/tex/generic/pgf/utilities/pgfkeys.code.tex)) (c:/texlive/2025/texmf-dist/tex/latex/pgf/math/pgfmath.sty (c:/texlive/2025/texmf-dist/tex/generic/pgf/math/pgfmath.code.tex)) (c:/texlive/2025/texmf-dist/tex/generic/pgf/utilities/pgffor.code.tex
Package: pgffor 2023-01-15 v3.1.10 (3.1.10)
\pgffor@iter=\dimen301
\pgffor@skip=\dimen302
\pgffor@stack=\toks51
\pgffor@toks=\toks52
)) (c:/texlive/2025/texmf-dist/tex/generic/pgf/frontendlayer/tikz/tikz.code.tex
Package: tikz 2023-01-15 v3.1.10 (3.1.10)
 (c:/texlive/2025/texmf-dist/tex/generic/pgf/libraries/pgflibraryplothandlers.code.tex
File: pgflibraryplothandlers.code.tex 2023-01-15 v3.1.10 (3.1.10)
\pgf@plot@mark@count=\count334
\pgfplotmarksize=\dimen303
)
\tikz@lastx=\dimen304
\tikz@lasty=\dimen305
\tikz@lastxsaved=\dimen306
\tikz@lastysaved=\dimen307
\tikz@lastmovetox=\dimen308
\tikz@lastmovetoy=\dimen309
\tikzleveldistance=\dimen310
\tikzsiblingdistance=\dimen311
\tikz@figbox=\box124
\tikz@figbox@bg=\box125
\tikz@tempbox=\box126
\tikz@tempbox@bg=\box127
\tikztreelevel=\count335
\tikznumberofchildren=\count336
\tikznumberofcurrentchild=\count337
\tikz@fig@count=\count338
 (c:/texlive/2025/texmf-dist/tex/generic/pgf/modules/pgfmodulematrix.code.tex
File: pgfmodulematrix.code.tex 2023-01-15 v3.1.10 (3.1.10)
\pgfmatrixcurrentrow=\count339
\pgfmatrixcurrentcolumn=\count340
\pgf@matrix@numberofcolumns=\count341
)
\tikz@expandcount=\count342
 (c:/texlive/2025/texmf-dist/tex/generic/pgf/frontendlayer/tikz/libraries/tikzlibrarytopaths.code.tex
File: tikzlibrarytopaths.code.tex 2023-01-15 v3.1.10 (3.1.10)
))) (c:/texlive/2025/texmf-dist/tex/latex/mdframed/md-frame-1.mdf
File: md-frame-1.mdf 2013/07/01\ 1.9b: md-frame-1
)
\mdf@frametitlebox=\box128
\mdf@footnotebox=\box129
\mdf@splitbox@one=\box130
\mdf@splitbox@two=\box131
\mdf@splitbox@save=\box132
\mdfsplitboxwidth=\skip126
\mdfsplitboxtotalwidth=\skip127
\mdfsplitboxheight=\skip128
\mdfsplitboxdepth=\skip129
\mdfsplitboxtotalheight=\skip130
\mdfframetitleboxwidth=\skip131
\mdfframetitleboxtotalwidth=\skip132
\mdfframetitleboxheight=\skip133
\mdfframetitleboxdepth=\skip134
\mdfframetitleboxtotalheight=\skip135
\mdffootnoteboxwidth=\skip136
\mdffootnoteboxtotalwidth=\skip137
\mdffootnoteboxheight=\skip138
\mdffootnoteboxdepth=\skip139
\mdffootnoteboxtotalheight=\skip140
\mdftotallinewidth=\skip141
\mdfboundingboxwidth=\skip142
\mdfboundingboxtotalwidth=\skip143
\mdfboundingboxheight=\skip144
\mdfboundingboxdepth=\skip145
\mdfboundingboxtotalheight=\skip146
\mdf@freevspace@length=\skip147
\mdf@horizontalwidthofbox@length=\skip148
\mdf@verticalmarginwhole@length=\skip149
\mdf@horizontalspaceofbox=\skip150
\mdfsubtitleheight=\skip151
\mdfsubsubtitleheight=\skip152
\c@mdfcountframes=\count343

****** mdframed patching \endmdf@trivlist

****** -- success******

\mdf@envdepth=\count344
\c@mdf@env@i=\count345
\c@mdf@env@ii=\count346
\c@mdf@zref@counter=\count347
Package zref Info: New property: mdf@pagevalue on input line 895.
) (c:/texlive/2025/texmf-dist/tex/latex/caption/caption.sty
Package: caption 2023/08/05 v3.6o Customizing captions (AR)
 (c:/texlive/2025/texmf-dist/tex/latex/caption/caption3.sty
Package: caption3 2023/07/31 v2.4d caption3 kernel (AR)
\caption@tempdima=\dimen312
\captionmargin=\dimen313
\caption@leftmargin=\dimen314
\caption@rightmargin=\dimen315
\caption@width=\dimen316
\caption@indent=\dimen317
\caption@parindent=\dimen318
\caption@hangindent=\dimen319
Package caption Info: Standard document class detected.
)
\c@caption@flags=\count348
\c@continuedfloat=\count349
Package caption Info: float package is loaded.
Package caption Info: hyperref package is loaded.
Package caption Info: longtable package is loaded.
 (c:/texlive/2025/texmf-dist/tex/latex/caption/ltcaption.sty
Package: ltcaption 2021/01/08 v1.4c longtable captions (AR)
)
Package caption Info: rotating package is loaded.
) (c:/texlive/2025/texmf-dist/tex/latex/caption/subcaption.sty
Package: subcaption 2023/07/28 v1.6b Sub-captions (AR)
Package caption Info: New subtype `subfigure' on input line 238.
\c@subfigure=\count350
Package caption Info: New subtype `subtable' on input line 238.
\c@subtable=\count351
) (c:/texlive/2025/texmf-dist/tex/latex/lastpage/lastpage.sty
Package: lastpage 2025/01/27 v2.1e lastpage: 2.09 or 2e? (HMM)
 (c:/texlive/2025/texmf-dist/tex/latex/lastpage/lastpage2e.sty
Package: lastpage2e 2025/01/27 v2.1e Decide which 2e lastpage version to use (HMM)
 (c:/texlive/2025/texmf-dist/tex/latex/lastpage/lastpagemodern.sty
Package: lastpagemodern 2025-01-27 v2.1e Refers to last page's name (HMM; JPG)
\c@lastpagecount=\count352
) 
)) (c:/texlive/2025/texmf-dist/tex/latex/algorithm2e/algorithm2e.sty
Package: algorithm2e 2017/07/18 v5.2 algorithms environments
\c@AlgoLine=\count353
\algocf@hangindent=\skip153
 (c:/texlive/2025/texmf-dist/tex/latex/ifoddpage/ifoddpage.sty
Package: ifoddpage 2022/10/18 v1.2 Conditionals for odd/even page detection
\c@checkoddpage=\count354
) (c:/texlive/2025/texmf-dist/tex/latex/tools/xspace.sty
Package: xspace 2014/10/28 v1.13 Space after command names (DPC,MH)
) (c:/texlive/2025/texmf-dist/tex/latex/relsize/relsize.sty
Package: relsize 2013/03/29 ver 4.1
)
\skiptotal=\skip154
\skiplinenumber=\skip155
\skiprule=\skip156
\skiphlne=\skip157
\skiptext=\skip158
\skiplength=\skip159
\algomargin=\skip160
\skipalgocfslide=\skip161
\algowidth=\dimen320
\inoutsize=\dimen321
\inoutindent=\dimen322
\interspacetitleruled=\dimen323
\interspacealgoruled=\dimen324
\interspacetitleboxruled=\dimen325
\algocf@ruledwidth=\skip162
\algocf@inoutbox=\box133
\algocf@inputbox=\box134
\AlCapSkip=\skip163
\AlCapHSkip=\skip164
\algoskipindent=\skip165
\algocf@nlbox=\box135
\algocf@hangingbox=\box136
\algocf@untilbox=\box137
\algocf@skipuntil=\skip166
\algocf@capbox=\box138
\algocf@lcaptionbox=\skip167
\algoheightruledefault=\skip168
\algoheightrule=\skip169
\algotitleheightruledefault=\skip170
\algotitleheightrule=\skip171
\c@algocfline=\count355
\c@algocfproc=\count356
\c@algocf=\count357
\algocf@algoframe=\box139
\algocf@algobox=\box140
) (c:/texlive/2025/texmf-dist/tex/latex/tools/enumerate.sty
Package: enumerate 2023/07/04 v3.00 enumerate extensions (DPC)
\@enLab=\toks53
) (c:/texlive/2025/texmf-dist/tex/latex/enumitem/enumitem.sty
Package: enumitem 2025/02/06 v3.11 Customized lists
\labelindent=\skip172
\enit@outerparindent=\dimen326
\enit@toks=\toks54
\enit@inbox=\box141
\enit@count@id=\count358
\enitdp@description=\count359
) (c:/texlive/2025/texmf-dist/tex/latex/tools/tabularx.sty
Package: tabularx 2023/12/11 v2.12a `tabularx' package (DPC)
\TX@col@width=\dimen327
\TX@old@table=\dimen328
\TX@old@col=\dimen329
\TX@target=\dimen330
\TX@delta=\dimen331
\TX@cols=\count360
\TX@ftn=\toks55
) (c:/texlive/2025/texmf-dist/tex/latex/multirow/multirow.sty
Package: multirow 2024/11/12 v2.9 Span multiple rows of a table
\multirow@colwidth=\skip173
\multirow@cntb=\count361
\multirow@dima=\skip174
\bigstrutjot=\dimen332
) (c:/texlive/2025/texmf-dist/tex/latex/geometry/geometry.sty
Package: geometry 2020/01/02 v5.9 Page Geometry
 (c:/texlive/2025/texmf-dist/tex/generic/iftex/ifvtex.sty
Package: ifvtex 2019/10/25 v1.7 ifvtex legacy package. Use iftex instead.
)
\Gm@cnth=\count362
\Gm@cntv=\count363
\c@Gm@tempcnt=\count364
\Gm@bindingoffset=\dimen333
\Gm@wd@mp=\dimen334
\Gm@odd@mp=\dimen335
\Gm@even@mp=\dimen336
\Gm@layoutwidth=\dimen337
\Gm@layoutheight=\dimen338
\Gm@layouthoffset=\dimen339
\Gm@layoutvoffset=\dimen340
\Gm@dimlist=\toks56
) (c:/texlive/2025/texmf-dist/tex/latex/setspace/setspace.sty
Package: setspace 2022/12/04 v6.7b set line spacing
) (c:/texlive/2025/texmf-dist/tex/generic/pgf/frontendlayer/tikz/libraries/tikzlibraryarrows.code.tex
File: tikzlibraryarrows.code.tex 2023-01-15 v3.1.10 (3.1.10)
 (c:/texlive/2025/texmf-dist/tex/generic/pgf/libraries/pgflibraryarrows.code.tex
File: pgflibraryarrows.code.tex 2023-01-15 v3.1.10 (3.1.10)
\arrowsize=\dimen341
)) (c:/texlive/2025/texmf-dist/tex/generic/pgf/frontendlayer/tikz/libraries/tikzlibrarysnakes.code.tex
File: tikzlibrarysnakes.code.tex 2023-01-15 v3.1.10 (3.1.10)


Package pgf Warning: Snakes have been superseded by decorations. Please use the decoration libraries instead of the snakes library on input line 14.

(c:/texlive/2025/texmf-dist/tex/generic/pgf/frontendlayer/tikz/libraries/tikzlibrarydecorations.pathmorphing.code.tex (c:/texlive/2025/texmf-dist/tex/generic/pgf/frontendlayer/tikz/libraries/tikzlibrarydecorations.code.tex (c:/texlive/2025/texmf-dist/tex/generic/pgf/modules/pgfmoduledecorations.code.tex
\pgfdecoratedcompleteddistance=\dimen342
\pgfdecoratedremainingdistance=\dimen343
\pgfdecoratedinputsegmentcompleteddistance=\dimen344
\pgfdecoratedinputsegmentremainingdistance=\dimen345
\pgf@decorate@distancetomove=\dimen346
\pgf@decorate@repeatstate=\count365
\pgfdecorationsegmentamplitude=\dimen347
\pgfdecorationsegmentlength=\dimen348
)
\tikz@lib@dec@box=\box142
) (c:/texlive/2025/texmf-dist/tex/generic/pgf/libraries/decorations/pgflibrarydecorations.pathmorphing.code.tex)) (c:/texlive/2025/texmf-dist/tex/generic/pgf/frontendlayer/tikz/libraries/tikzlibrarydecorations.pathreplacing.code.tex (c:/texlive/2025/texmf-dist/tex/generic/pgf/libraries/decorations/pgflibrarydecorations.pathreplacing.code.tex)) (c:/texlive/2025/texmf-dist/tex/generic/pgf/frontendlayer/tikz/libraries/tikzlibrarydecorations.shapes.code.tex (c:/texlive/2025/texmf-dist/tex/generic/pgf/libraries/decorations/pgflibrarydecorations.shapes.code.tex))) (c:/texlive/2025/texmf-dist/tex/generic/pgf/frontendlayer/tikz/libraries/tikzlibrarybackgrounds.code.tex
File: tikzlibrarybackgrounds.code.tex 2023-01-15 v3.1.10 (3.1.10)
\pgf@layerbox@background=\box143
\pgf@layerboxsaved@background=\box144
) (c:/texlive/2025/texmf-dist/tex/generic/pgf/frontendlayer/tikz/libraries/tikzlibrarycalc.code.tex
File: tikzlibrarycalc.code.tex 2023-01-15 v3.1.10 (3.1.10)
)
Package hyperref Info: Option `colorlinks' set `true' on input line 49.
 (c:/texlive/2025/texmf-dist/tex/latex/listings/listings.sty
\lst@mode=\count366
\lst@gtempboxa=\box145
\lst@token=\toks57
\lst@length=\count367
\lst@currlwidth=\dimen349
\lst@column=\count368
\lst@pos=\count369
\lst@lostspace=\dimen350
\lst@width=\dimen351
\lst@newlines=\count370
\lst@lineno=\count371
\lst@maxwidth=\dimen352
 (c:/texlive/2025/texmf-dist/tex/latex/listings/lstpatch.sty
File: lstpatch.sty 2024/09/23 1.10c (Carsten Heinz)
) (c:/texlive/2025/texmf-dist/tex/latex/listings/lstmisc.sty
File: lstmisc.sty 2024/09/23 1.10c (Carsten Heinz)
\c@lstnumber=\count372
\lst@skipnumbers=\count373
\lst@framebox=\box146
) (c:/texlive/2025/texmf-dist/tex/latex/listings/listings.cfg
File: listings.cfg 2024/09/23 1.10c listings configuration
))
Package: listings 2024/09/23 1.10c (Carsten Heinz)
\c@theorem=\count374
\c@property=\count375
\c@proposition=\count376
\c@exer=\count377


Package geometry Warning: Over-specification in `h'-direction.
    `width' (455.24408pt) is ignored.


Package geometry Warning: Over-specification in `v'-direction.
    `height' (682.86613pt) is ignored.

(c:/texlive/2025/texmf-dist/tex/latex/listings/lstlang1.sty
File: lstlang1.sty 2024/09/23 1.10c listings language file
) (c:/texlive/2025/texmf-dist/tex/latex/listings/lstlang2.sty
File: lstlang2.sty 2024/09/23 1.10c listings language file
) (c:/texlive/2025/texmf-dist/tex/latex/listings/lstlang3.sty
File: lstlang3.sty 2024/09/23 1.10c listings language file
)
\c@subsubsubsection=\count378


Package geometry Warning: Over-specification in `h'-direction.
    `width' (455.24408pt) is ignored.


Package geometry Warning: Over-specification in `v'-direction.
    `height' (682.86613pt) is ignored.

LaTeX Font Info:    Trying to load font information for T5+ptm on input line 169.
(c:/texlive/2025/texmf-dist/tex/latex/vntex/t5ptm.fd
File: t5utm.fd 2005/08/24 Fontinst v1.929 font definitions for T5/ptm.
) (./main.aux)
\openout1 = `main.aux'.

LaTeX Font Info:    Checking defaults for OML/cmm/m/it on input line 169.
LaTeX Font Info:    ... okay on input line 169.
LaTeX Font Info:    Checking defaults for OMS/cmsy/m/n on input line 169.
LaTeX Font Info:    ... okay on input line 169.
LaTeX Font Info:    Checking defaults for OT1/cmr/m/n on input line 169.
LaTeX Font Info:    ... okay on input line 169.
LaTeX Font Info:    Checking defaults for T1/cmr/m/n on input line 169.
LaTeX Font Info:    ... okay on input line 169.
LaTeX Font Info:    Checking defaults for TS1/cmr/m/n on input line 169.
LaTeX Font Info:    ... okay on input line 169.
LaTeX Font Info:    Checking defaults for OMX/cmex/m/n on input line 169.
LaTeX Font Info:    ... okay on input line 169.
LaTeX Font Info:    Checking defaults for U/cmr/m/n on input line 169.
LaTeX Font Info:    ... okay on input line 169.
LaTeX Font Info:    Checking defaults for T5/cmr/m/n on input line 169.
LaTeX Font Info:    ... okay on input line 169.
LaTeX Font Info:    Checking defaults for PD1/pdf/m/n on input line 169.
LaTeX Font Info:    ... okay on input line 169.
LaTeX Font Info:    Checking defaults for PU/pdf/m/n on input line 169.
LaTeX Font Info:    ... okay on input line 169.
 (c:/texlive/2025/texmf-dist/tex/context/base/mkii/supp-pdf.mkii
[Loading MPS to PDF converter (version 2006.09.02).]
\scratchcounter=\count379
\scratchdimen=\dimen353
\scratchbox=\box147
\nofMPsegments=\count380
\nofMParguments=\count381
\everyMPshowfont=\toks58
\MPscratchCnt=\count382
\MPscratchDim=\dimen354
\MPnumerator=\count383
\makeMPintoPDFobject=\count384
\everyMPtoPDFconversion=\toks59
) (c:/texlive/2025/texmf-dist/tex/latex/epstopdf-pkg/epstopdf-base.sty
Package: epstopdf-base 2020-01-24 v2.11 Base part for package epstopdf
Package epstopdf-base Info: Redefining graphics rule for `.eps' on input line 485.
 (c:/texlive/2025/texmf-dist/tex/latex/latexconfig/epstopdf-sys.cfg
File: epstopdf-sys.cfg 2010/07/13 v1.3 Configuration of (r)epstopdf for TeX Live
))
Package hyperref Info: Link coloring ON on input line 169.
 (./main.out) (./main.out)
\@outlinefile=\write4
\openout4 = `main.out'.

Package caption Info: Begin \AtBeginDocument code.
Package caption Info: listings package is loaded.
Package caption Info: End \AtBeginDocument code.

*geometry* driver: auto-detecting
*geometry* detected driver: pdftex
*geometry* verbose mode - [ preamble ] result:
* driver: pdftex
* paper: a4paper
* layout: <same size as paper>
* layoutoffset:(h,v)=(0.0pt,0.0pt)
* modes: 
* h-part:(L,W,R)=(85.35826pt, 455.24411pt, 56.9055pt)
* v-part:(T,H,B)=(62.59605pt, 725.54529pt, 56.9055pt)
* \paperwidth=597.50787pt
* \paperheight=845.04684pt
* \textwidth=455.24411pt
* \textheight=725.54529pt
* \oddsidemargin=13.08827pt
* \evensidemargin=13.08827pt
* \topmargin=-74.67393pt
* \headheight=40.0pt
* \headsep=25.0pt
* \topskip=10.0pt
* \footskip=30.0pt
* \marginparwidth=54.2025pt
* \marginparsep=11.0pt
* \columnsep=10.0pt
* \skip\footins=9.0pt plus 4.0pt minus 2.0pt
* \hoffset=0.0pt
* \voffset=0.0pt
* \mag=1000
* \@twocolumnfalse
* \@twosidefalse
* \@mparswitchfalse
* \@reversemarginfalse
* (1in=72.27pt=25.4mm, 1cm=28.453pt)

\c@lstlisting=\count385
<Images/hcmut.png, id=376, 291.0072pt x 293.898pt>
File: Images/hcmut.png Graphic file (type png)
<use Images/hcmut.png>
Package pdftex.def Info: Images/hcmut.png  used on input line 192.
(pdftex.def)             Requested size: 113.81102pt x 114.94263pt.
LaTeX Font Info:    Trying to load font information for OT1+ztmcm on input line 197.
(c:/texlive/2025/texmf-dist/tex/latex/psnfss/ot1ztmcm.fd
File: ot1ztmcm.fd 2000/01/03 Fontinst v1.801 font definitions for OT1/ztmcm.
)
LaTeX Font Info:    Trying to load font information for OML+ztmcm on input line 197.
 (c:/texlive/2025/texmf-dist/tex/latex/psnfss/omlztmcm.fd
File: omlztmcm.fd 2000/01/03 Fontinst v1.801 font definitions for OML/ztmcm.
)
LaTeX Font Info:    Trying to load font information for OMS+ztmcm on input line 197.
 (c:/texlive/2025/texmf-dist/tex/latex/psnfss/omsztmcm.fd
File: omsztmcm.fd 2000/01/03 Fontinst v1.801 font definitions for OMS/ztmcm.
)
LaTeX Font Info:    Trying to load font information for OMX+ztmcm on input line 197.
 (c:/texlive/2025/texmf-dist/tex/latex/psnfss/omxztmcm.fd
File: omxztmcm.fd 2000/01/03 Fontinst v1.801 font definitions for OMX/ztmcm.
)
LaTeX Font Info:    Trying to load font information for OT1+ptm on input line 197.
 (c:/texlive/2025/texmf-dist/tex/latex/psnfss/ot1ptm.fd
File: ot1ptm.fd 2001/06/04 font definitions for OT1/ptm.
)
LaTeX Font Info:    Font shape `OT1/ptm/bx/n' in size <10> not available
(Font)              Font shape `OT1/ptm/b/n' tried instead on input line 197.
LaTeX Font Info:    Font shape `OT1/ptm/bx/n' in size <7.4> not available
(Font)              Font shape `OT1/ptm/b/n' tried instead on input line 197.
LaTeX Font Info:    Font shape `OT1/ptm/bx/n' in size <6> not available
(Font)              Font shape `OT1/ptm/b/n' tried instead on input line 197.
LaTeX Font Info:    Trying to load font information for U+lasy on input line 197.
 (c:/texlive/2025/texmf-dist/tex/latex/base/ulasy.fd
File: ulasy.fd 1998/08/17 v2.2e LaTeX symbol font definitions
)
Overfull \hbox (16.34976pt too wide) in paragraph at lines 210--234
[][] 
 []



[1

{c:/texlive/2025/texmf-var/fonts/map/pdftex/updmap/pdftex.map}{c:/texlive/2025/texmf-dist/fonts/enc/dvips/vntex/t5.enc} <./Images/hcmut.png>] (./Intro/LoiCamOn.tex


pdfTeX warning (ext4): destination with the same identifier (name{page.1}) has been already used, duplicate ignored
<to be read again> 
                   \relax 
l.14 \clearpage
                [1]) (./Intro/LoiCamDoan.tex


pdfTeX warning (ext4): destination with the same identifier (name{page.1}) has been already used, duplicate ignored
<to be read again> 
                   \relax 
l.9 \clearpage
               [1

]) (./Intro/TomTat.tex


pdfTeX warning (ext4): destination with the same identifier (name{page.1}) has been already used, duplicate ignored
<to be read again> 
                   \relax 
l.11 \clearpage
                [1

]) (./main.toc


pdfTeX warning (ext4): destination with the same identifier (name{page.1}) has been already used, duplicate ignored
<to be read again> 
                   \relax 
l.39 ...sį»± kiį»n}{25}{subsubsubsection.4.1.3.1}
                                                  % [1

]

File: Images/hcmut.png Graphic file (type png)
<use Images/hcmut.png>
Package pdftex.def Info: Images/hcmut.png  used on input line 78.
(pdftex.def)             Requested size: 28.44968pt x 28.44977pt.
[2])
\tf@toc=\write5
\openout5 = `main.toc'.



File: Images/hcmut.png Graphic file (type png)
<use Images/hcmut.png>
Package pdftex.def Info: Images/hcmut.png  used on input line 249.
(pdftex.def)             Requested size: 28.44968pt x 28.44977pt.
[3] (./main.lof

[4])
\tf@lof=\write6
\openout6 = `main.lof'.



File: Images/hcmut.png Graphic file (type png)
<use Images/hcmut.png>
Package pdftex.def Info: Images/hcmut.png  used on input line 251.
(pdftex.def)             Requested size: 28.44968pt x 28.44977pt.
[5] (./main.lot)
\tf@lot=\write7
\openout7 = `main.lot'.



[6] (./Contents/GioiThieu.tex
<Images/KhaoSat.png, id=664, 877.77937pt x 560.0925pt>
File: Images/KhaoSat.png Graphic file (type png)
<use Images/KhaoSat.png>
Package pdftex.def Info: Images/KhaoSat.png  used on input line 18.
(pdftex.def)             Requested size: 318.66948pt x 203.3424pt.


File: Images/hcmut.png Graphic file (type png)
<use Images/hcmut.png>
Package pdftex.def Info: Images/hcmut.png  used on input line 24.
(pdftex.def)             Requested size: 28.44968pt x 28.44977pt.

pdfTeX warning (ext4): destination with the same identifier (name{page.1}) has been already used, duplicate ignored
<to be read again> 
                   \relax 
l.24 \subsubsection
                   {Thį»±c trįŗ”ng cĆ”c hį» thį»ng hiį»n cĆ³} [1 <./Images/KhaoSat.png>]

File: Images/hcmut.png Graphic file (type png)
<use Images/hcmut.png>
Package pdftex.def Info: Images/hcmut.png  used on input line 59.
(pdftex.def)             Requested size: 28.44968pt x 28.44977pt.

pdfTeX warning (ext4): destination with the same identifier (name{page.2}) has been already used, duplicate ignored
<to be read again> 
                   \relax 
l.59         \item[-]
                      Quįŗ£n lĆ½ danh sĆ”ch sį»± kiį»n vĆ  ÄĘ”n vį» tį» ... [2])

File: Images/hcmut.png Graphic file (type png)
<use Images/hcmut.png>
Package pdftex.def Info: Images/hcmut.png  used on input line 258.
(pdftex.def)             Requested size: 28.44968pt x 28.44977pt.

pdfTeX warning (ext4): destination with the same identifier (name{page.3}) has been already used, duplicate ignored
<to be read again> 
                   \relax 
l.258 \newpage
               [3] (./Contents/CoSoLyThuyet.tex
<Images/RESTful api.png, id=680, 493.845pt x 185.19188pt>
File: Images/RESTful api.png Graphic file (type png)
<use Images/RESTful api.png>
Package pdftex.def Info: Images/RESTful api.png  used on input line 12.
(pdftex.def)             Requested size: 318.66948pt x 119.5001pt.


File: Images/hcmut.png Graphic file (type png)
<use Images/hcmut.png>
Package pdftex.def Info: Images/hcmut.png  used on input line 24.
(pdftex.def)             Requested size: 28.44968pt x 28.44977pt.

pdfTeX warning (ext4): destination with the same identifier (name{page.4}) has been already used, duplicate ignored
<to be read again> 
                   \relax 
l.24     \item[-]
                  Giao tiįŗæp: Client gį»­i yĆŖu cįŗ§u (request) Äįŗæn Serv... [4 <./Images/RESTful api.png>]
<Images/MoHinhClient_Server.png, id=687, 657.2053pt x 176.15813pt>
File: Images/MoHinhClient_Server.png Graphic file (type png)
<use Images/MoHinhClient_Server.png>
Package pdftex.def Info: Images/MoHinhClient_Server.png  used on input line 28.
(pdftex.def)             Requested size: 318.66948pt x 85.41776pt.
<Images/CSDL.png, id=688, 490.83376pt x 475.02469pt>
File: Images/CSDL.png Graphic file (type png)
<use Images/CSDL.png>
Package pdftex.def Info: Images/CSDL.png  used on input line 45.
(pdftex.def)             Requested size: 318.66948pt x 308.41446pt.


File: Images/hcmut.png Graphic file (type png)
<use Images/hcmut.png>
Package pdftex.def Info: Images/hcmut.png  used on input line 49.
(pdftex.def)             Requested size: 28.44968pt x 28.44977pt.

pdfTeX warning (ext4): destination with the same identifier (name{page.5}) has been already used, duplicate ignored
<to be read again> 
                   \relax 
l.49 \indent
             Hį» thį»ng cĘ” sį» dį»Æ liį»u bao gį»m cĆ”c thĆ nh phįŗ§n ... [5 <./Images/MoHinhClient_Server.png>]
Underfull \hbox (badness 7704) in paragraph at lines 82--82
[]|\T5/ptm/b/n/10 Ng÷ķi Qu£n trą CSDL
 []


Underfull \hbox (badness 1038) in paragraph at lines 107--107
[]|\T5/ptm/m/n/10 Dņng ngęn ngś SQL ^^_ŗ ph„n t½ch
 []



File: Images/hcmut.png Graphic file (type png)
<use Images/hcmut.png>
Package pdftex.def Info: Images/hcmut.png  used on input line 111.
(pdftex.def)             Requested size: 28.44968pt x 28.44977pt.

pdfTeX warning (ext4): destination with the same identifier (name{page.6}) has been already used, duplicate ignored
<to be read again> 
                   \relax 
l.111 \end{table}
                  [6 <./Images/CSDL.png>]

File: Images/hcmut.png Graphic file (type png)
<use Images/hcmut.png>
Package pdftex.def Info: Images/hcmut.png  used on input line 120.
(pdftex.def)             Requested size: 28.44968pt x 28.44977pt.
[7]

File: Images/hcmut.png Graphic file (type png)
<use Images/hcmut.png>
Package pdftex.def Info: Images/hcmut.png  used on input line 146.
(pdftex.def)             Requested size: 28.44968pt x 28.44977pt.
[8]
<Images/Typescript.png, id=709, 770.88pt x 770.88pt>
File: Images/Typescript.png Graphic file (type png)
<use Images/Typescript.png>
Package pdftex.def Info: Images/Typescript.png  used on input line 159.
(pdftex.def)             Requested size: 91.04742pt x 91.04303pt.
LaTeX Font Info:    Trying to load font information for T5+cmtt on input line 165.
 (c:/texlive/2025/texmf-dist/tex/latex/vntex/t5cmtt.fd
File: t5cmtt.fd 1999/05/25 v2.5h Standard LaTeX font definitions
)

File: Images/hcmut.png Graphic file (type png)
<use Images/hcmut.png>
Package pdftex.def Info: Images/hcmut.png  used on input line 179.
(pdftex.def)             Requested size: 28.44968pt x 28.44977pt.
[9 <./Images/Typescript.png>]
<Images/react.png, id=718, 2308.625pt x 2054.67625pt>
File: Images/react.png Graphic file (type png)
<use Images/react.png>
Package pdftex.def Info: Images/react.png  used on input line 186.
(pdftex.def)             Requested size: 91.04742pt x 81.01303pt.
<Images/nodejs.png, id=719, 592.2125pt x 363.3575pt>
File: Images/nodejs.png Graphic file (type png)
<use Images/nodejs.png>
Package pdftex.def Info: Images/nodejs.png  used on input line 205.
(pdftex.def)             Requested size: 136.57462pt x 83.79224pt.


File: Images/hcmut.png Graphic file (type png)
<use Images/hcmut.png>
Package pdftex.def Info: Images/hcmut.png  used on input line 209.
(pdftex.def)             Requested size: 28.44968pt x 28.44977pt.
[10 <./Images/react.png>]
<Images/python.png, id=726, 2055.68pt x 2055.68pt>
File: Images/python.png Graphic file (type png)
<use Images/python.png>
Package pdftex.def Info: Images/python.png  used on input line 222.
(pdftex.def)             Requested size: 91.04742pt x 91.02734pt.


File: Images/hcmut.png Graphic file (type png)
<use Images/hcmut.png>
Package pdftex.def Info: Images/hcmut.png  used on input line 226.
(pdftex.def)             Requested size: 28.44968pt x 28.44977pt.
[11 <./Images/nodejs.png>]
<Images/mongoDB.png, id=733, 311.1625pt x 163.61125pt>
File: Images/mongoDB.png Graphic file (type png)
<use Images/mongoDB.png>
Package pdftex.def Info: Images/mongoDB.png  used on input line 239.
(pdftex.def)             Requested size: 159.33821pt x 83.78015pt.


File: Images/hcmut.png Graphic file (type png)
<use Images/hcmut.png>
Package pdftex.def Info: Images/hcmut.png  used on input line 246.
(pdftex.def)             Requested size: 28.44968pt x 28.44977pt.
[12 <./Images/python.png> <./Images/mongoDB.png>])

File: Images/hcmut.png Graphic file (type png)
<use Images/hcmut.png>
Package pdftex.def Info: Images/hcmut.png  used on input line 260.
(pdftex.def)             Requested size: 28.44968pt x 28.44977pt.
[13] (./Contents/YeuCauHeThong.tex

File: Images/hcmut.png Graphic file (type png)
<use Images/hcmut.png>
Package pdftex.def Info: Images/hcmut.png  used on input line 32.
(pdftex.def)             Requested size: 28.44968pt x 28.44977pt.
[14]

File: Images/hcmut.png Graphic file (type png)
<use Images/hcmut.png>
Package pdftex.def Info: Images/hcmut.png  used on input line 68.
(pdftex.def)             Requested size: 28.44968pt x 28.44977pt.
[15])

File: Images/hcmut.png Graphic file (type png)
<use Images/hcmut.png>
Package pdftex.def Info: Images/hcmut.png  used on input line 262.
(pdftex.def)             Requested size: 28.44968pt x 28.44977pt.
[16] (./Contents/MoHinhHoaHeThong.tex
<Images/User_UseCaseDiagram.png, id=762, 824.07875pt x 774.895pt>
File: Images/User_UseCaseDiagram.png Graphic file (type png)
<use Images/User_UseCaseDiagram.png>
Package pdftex.def Info: Images/User_UseCaseDiagram.png  used on input line 10.
(pdftex.def)             Requested size: 455.24411pt x 428.07358pt.


Package hyperref Warning: bookmark level for unknown subsubsubsection defaults to 0.



File: Images/hcmut.png Graphic file (type png)
<use Images/hcmut.png>
Package pdftex.def Info: Images/hcmut.png  used on input line 53.
(pdftex.def)             Requested size: 28.44968pt x 28.44977pt.
[17 <./Images/User_UseCaseDiagram.png>]

File: Images/hcmut.png Graphic file (type png)
<use Images/hcmut.png>
Package pdftex.def Info: Images/hcmut.png  used on input line 90.
(pdftex.def)             Requested size: 28.44968pt x 28.44977pt.
[18]

File: Images/hcmut.png Graphic file (type png)
<use Images/hcmut.png>
Package pdftex.def Info: Images/hcmut.png  used on input line 138.
(pdftex.def)             Requested size: 28.44968pt x 28.44977pt.
[19]

File: Images/hcmut.png Graphic file (type png)
<use Images/hcmut.png>
Package pdftex.def Info: Images/hcmut.png  used on input line 170.
(pdftex.def)             Requested size: 28.44968pt x 28.44977pt.
[20]

Package hyperref Warning: Difference (3) between bookmark levels is greater 
(hyperref)                than one, level fixed on input line 205.

<Images/Ban_To_Chuc_new.png, id=785, 763.85374pt x 452.69125pt>
File: Images/Ban_To_Chuc_new.png Graphic file (type png)
<use Images/Ban_To_Chuc_new.png>
Package pdftex.def Info: Images/Ban_To_Chuc_new.png  used on input line 208.
(pdftex.def)             Requested size: 455.24411pt x 269.79326pt.


File: Images/hcmut.png Graphic file (type png)
<use Images/hcmut.png>
Package pdftex.def Info: Images/hcmut.png  used on input line 213.
(pdftex.def)             Requested size: 28.44968pt x 28.44977pt.
[21]

File: Images/hcmut.png Graphic file (type png)
<use Images/hcmut.png>
Package pdftex.def Info: Images/hcmut.png  used on input line 258.
(pdftex.def)             Requested size: 28.44968pt x 28.44977pt.
[22 <./Images/Ban_To_Chuc_new.png>]

File: Images/hcmut.png Graphic file (type png)
<use Images/hcmut.png>
Package pdftex.def Info: Images/hcmut.png  used on input line 304.
(pdftex.def)             Requested size: 28.44968pt x 28.44977pt.
[23]

Package hyperref Warning: Difference (3) between bookmark levels is greater 
(hyperref)                than one, level fixed on input line 307.

<Images/Usecase_Admin.jpg, id=802, 1326.9575pt x 784.9325pt>
File: Images/Usecase_Admin.jpg Graphic file (type jpg)
<use Images/Usecase_Admin.jpg>
Package pdftex.def Info: Images/Usecase_Admin.jpg  used on input line 310.
(pdftex.def)             Requested size: 455.24411pt x 269.29288pt.


File: Images/hcmut.png Graphic file (type png)
<use Images/hcmut.png>
Package pdftex.def Info: Images/hcmut.png  used on input line 315.
(pdftex.def)             Requested size: 28.44968pt x 28.44977pt.
[24]

File: Images/hcmut.png Graphic file (type png)
<use Images/hcmut.png>
Package pdftex.def Info: Images/hcmut.png  used on input line 379.
(pdftex.def)             Requested size: 28.44968pt x 28.44977pt.
[25 <./Images/Usecase_Admin.jpg>]

Package hyperref Warning: Difference (2) between bookmark levels is greater 
(hyperref)                than one, level fixed on input line 383.


Package hyperref Warning: Difference (2) between bookmark levels is greater 
(hyperref)                than one, level fixed on input line 385.

<Images/DangKy_ActivityDiagram.png, id=813, 544.0325pt x 664.4825pt>
File: Images/DangKy_ActivityDiagram.png Graphic file (type png)
<use Images/DangKy_ActivityDiagram.png>
Package pdftex.def Info: Images/DangKy_ActivityDiagram.png  used on input line 390.
(pdftex.def)             Requested size: 318.66948pt x 389.24286pt.


File: Images/hcmut.png Graphic file (type png)
<use Images/hcmut.png>
Package pdftex.def Info: Images/hcmut.png  used on input line 394.
(pdftex.def)             Requested size: 28.44968pt x 28.44977pt.
[26]
<Images/DangNhap_ActivityDiagram.png, id=819, 654.445pt x 674.52pt>
File: Images/DangNhap_ActivityDiagram.png Graphic file (type png)
<use Images/DangNhap_ActivityDiagram.png>
Package pdftex.def Info: Images/DangNhap_ActivityDiagram.png  used on input line 402.
(pdftex.def)             Requested size: 318.66948pt x 328.43864pt.


File: Images/hcmut.png Graphic file (type png)
<use Images/hcmut.png>
Package pdftex.def Info: Images/hcmut.png  used on input line 406.
(pdftex.def)             Requested size: 28.44968pt x 28.44977pt.
[27 <./Images/DangKy_ActivityDiagram.png>]
<Images/MuaVe_ActivityDiagram.png, id=827, 795.97375pt x 1257.69875pt>
File: Images/MuaVe_ActivityDiagram.png Graphic file (type png)
<use Images/MuaVe_ActivityDiagram.png>
Package pdftex.def Info: Images/MuaVe_ActivityDiagram.png  used on input line 414.
(pdftex.def)             Requested size: 318.66948pt x 503.51198pt.


File: Images/hcmut.png Graphic file (type png)
<use Images/hcmut.png>
Package pdftex.def Info: Images/hcmut.png  used on input line 418.
(pdftex.def)             Requested size: 28.44968pt x 28.44977pt.
[28 <./Images/DangNhap_ActivityDiagram.png>]

Package hyperref Warning: Difference (3) between bookmark levels is greater 
(hyperref)                than one, level fixed on input line 421.

<Images/DoiMK_ActivityDiagram.png, id=834, 604.2575pt x 965.6075pt>
File: Images/DoiMK_ActivityDiagram.png Graphic file (type png)
<use Images/DoiMK_ActivityDiagram.png>
Package pdftex.def Info: Images/DoiMK_ActivityDiagram.png  used on input line 426.
(pdftex.def)             Requested size: 318.66948pt x 509.2353pt.


File: Images/hcmut.png Graphic file (type png)
<use Images/hcmut.png>
Package pdftex.def Info: Images/hcmut.png  used on input line 430.
(pdftex.def)             Requested size: 28.44968pt x 28.44977pt.
[29 <./Images/MuaVe_ActivityDiagram.png>]
<Images/XemDSSK_ActivityDiagram.png, id=841, 754.82pt x 453.695pt>
File: Images/XemDSSK_ActivityDiagram.png Graphic file (type png)
<use Images/XemDSSK_ActivityDiagram.png>
Package pdftex.def Info: Images/XemDSSK_ActivityDiagram.png  used on input line 436.
(pdftex.def)             Requested size: 318.66948pt x 191.54056pt.


File: Images/hcmut.png Graphic file (type png)
<use Images/hcmut.png>
Package pdftex.def Info: Images/hcmut.png  used on input line 440.
(pdftex.def)             Requested size: 28.44968pt x 28.44977pt.
[30 <./Images/DoiMK_ActivityDiagram.png>]
<Images/TimLocDSSK_ActivityDiagram.png, id=848, 754.82pt x 714.67pt>
File: Images/TimLocDSSK_ActivityDiagram.png Graphic file (type png)
<use Images/TimLocDSSK_ActivityDiagram.png>
Package pdftex.def Info: Images/TimLocDSSK_ActivityDiagram.png  used on input line 445.
(pdftex.def)             Requested size: 318.66948pt x 301.71875pt.
<Images/PhanHoiTinNhanNguoiDung_ActivityDiagram.png, id=849, 684.5575pt x 724.7075pt>
File: Images/PhanHoiTinNhanNguoiDung_ActivityDiagram.png Graphic file (type png)
<use Images/PhanHoiTinNhanNguoiDung_ActivityDiagram.png>
Package pdftex.def Info: Images/PhanHoiTinNhanNguoiDung_ActivityDiagram.png  used on input line 456.
(pdftex.def)             Requested size: 318.66948pt x 337.36148pt.


File: Images/hcmut.png Graphic file (type png)
<use Images/hcmut.png>
Package pdftex.def Info: Images/hcmut.png  used on input line 460.
(pdftex.def)             Requested size: 28.44968pt x 28.44977pt.
[31 <./Images/XemDSSK_ActivityDiagram.png> <./Images/TimLocDSSK_ActivityDiagram.png>]

Package hyperref Warning: Difference (3) between bookmark levels is greater 
(hyperref)                than one, level fixed on input line 464.

<Images/QuanLySuKien_ActivityDiagram.png, id=857, 895.345pt x 1367.1075pt>
File: Images/QuanLySuKien_ActivityDiagram.png Graphic file (type png)
<use Images/QuanLySuKien_ActivityDiagram.png>
Package pdftex.def Info: Images/QuanLySuKien_ActivityDiagram.png  used on input line 469.
(pdftex.def)             Requested size: 318.66948pt x 486.58861pt.


File: Images/hcmut.png Graphic file (type png)
<use Images/hcmut.png>
Package pdftex.def Info: Images/hcmut.png  used on input line 473.
(pdftex.def)             Requested size: 28.44968pt x 28.44977pt.
[32 <./Images/PhanHoiTinNhanNguoiDung_ActivityDiagram.png>]
<Images/QuanLyToChuc_ActivityDiagram.png, id=864, 894.34125pt x 1366.10374pt>
File: Images/QuanLyToChuc_ActivityDiagram.png Graphic file (type png)
<use Images/QuanLyToChuc_ActivityDiagram.png>
Package pdftex.def Info: Images/QuanLyToChuc_ActivityDiagram.png  used on input line 477.
(pdftex.def)             Requested size: 318.66948pt x 486.77332pt.


File: Images/hcmut.png Graphic file (type png)
<use Images/hcmut.png>
Package pdftex.def Info: Images/hcmut.png  used on input line 481.
(pdftex.def)             Requested size: 28.44968pt x 28.44977pt.
[33 <./Images/QuanLySuKien_ActivityDiagram.png>]

Package hyperref Warning: Difference (2) between bookmark levels is greater 
(hyperref)                than one, level fixed on input line 486.


Package hyperref Warning: Difference (2) between bookmark levels is greater 
(hyperref)                than one, level fixed on input line 488.

<Images/seq_muave.png, id=872, 1586.92876pt x 2390.9325pt>
File: Images/seq_muave.png Graphic file (type png)
<use Images/seq_muave.png>
Package pdftex.def Info: Images/seq_muave.png  used on input line 492.
(pdftex.def)             Requested size: 409.71692pt x 617.28636pt.


File: Images/hcmut.png Graphic file (type png)
<use Images/hcmut.png>
Package pdftex.def Info: Images/hcmut.png  used on input line 496.
(pdftex.def)             Requested size: 28.44968pt x 28.44977pt.
[34 <./Images/QuanLyToChuc_ActivityDiagram.png>]
<Images/seq_goiy.png, id=880, 2064.71375pt x 1633.10126pt>
File: Images/seq_goiy.png Graphic file (type png)
<use Images/seq_goiy.png>
Package pdftex.def Info: Images/seq_goiy.png  used on input line 501.
(pdftex.def)             Requested size: 455.24411pt x 360.0808pt.


File: Images/hcmut.png Graphic file (type png)
<use Images/hcmut.png>
Package pdftex.def Info: Images/hcmut.png  used on input line 505.
(pdftex.def)             Requested size: 28.44968pt x 28.44977pt.
[35 <./Images/seq_muave.png>]
<Images/seq_chat.png, id=887, 1606.0pt x 1087.06125pt>
File: Images/seq_chat.png Graphic file (type png)
<use Images/seq_chat.png>
Package pdftex.def Info: Images/seq_chat.png  used on input line 510.
(pdftex.def)             Requested size: 455.24411pt x 308.14037pt.
)

File: Images/hcmut.png Graphic file (type png)
<use Images/hcmut.png>
Package pdftex.def Info: Images/hcmut.png  used on input line 264.
(pdftex.def)             Requested size: 28.44968pt x 28.44977pt.
[36 <./Images/seq_goiy.png>]

File: Images/hcmut.png Graphic file (type png)
<use Images/hcmut.png>
Package pdftex.def Info: Images/hcmut.png  used on input line 265.
(pdftex.def)             Requested size: 28.44968pt x 28.44977pt.
[37 <./Images/seq_chat.png>] (./Contents/PhanTich_ThietKeHeThong.tex
<Images/KienTrucHeThong.png, id=900, 1246.6575pt x 392.21532pt>
File: Images/KienTrucHeThong.png Graphic file (type png)
<use Images/KienTrucHeThong.png>
Package pdftex.def Info: Images/KienTrucHeThong.png  used on input line 7.
(pdftex.def)             Requested size: 364.19667pt x 114.58337pt.
<Images/schema.png, id=901, 1775.63374pt x 1893.0725pt>
File: Images/schema.png Graphic file (type png)
<use Images/schema.png>
Package pdftex.def Info: Images/schema.png  used on input line 46.
(pdftex.def)             Requested size: 409.71692pt x 436.81293pt.


File: Images/hcmut.png Graphic file (type png)
<use Images/hcmut.png>
Package pdftex.def Info: Images/hcmut.png  used on input line 50.
(pdftex.def)             Requested size: 28.44968pt x 28.44977pt.
[38 <./Images/KienTrucHeThong.png>]

File: Images/hcmut.png Graphic file (type png)
<use Images/hcmut.png>
Package pdftex.def Info: Images/hcmut.png  used on input line 52.
(pdftex.def)             Requested size: 28.44968pt x 28.44977pt.
[39 <./Images/schema.png>]

File: Images/hcmut.png Graphic file (type png)
<use Images/hcmut.png>
Package pdftex.def Info: Images/hcmut.png  used on input line 148.
(pdftex.def)             Requested size: 28.44968pt x 28.44977pt.
[40]

File: Images/hcmut.png Graphic file (type png)
<use Images/hcmut.png>
Package pdftex.def Info: Images/hcmut.png  used on input line 241.
(pdftex.def)             Requested size: 28.44968pt x 28.44977pt.
[41]

File: Images/hcmut.png Graphic file (type png)
<use Images/hcmut.png>
Package pdftex.def Info: Images/hcmut.png  used on input line 304.
(pdftex.def)             Requested size: 28.44968pt x 28.44977pt.
[42]

File: Images/hcmut.png Graphic file (type png)
<use Images/hcmut.png>
Package pdftex.def Info: Images/hcmut.png  used on input line 353.
(pdftex.def)             Requested size: 28.44968pt x 28.44977pt.
[43]
LaTeX Font Info:    Trying to load font information for T5+cmss on input line 366.
 (c:/texlive/2025/texmf-dist/tex/latex/vntex/t5cmss.fd
File: t5cmss.fd 1999/05/25 v2.5h Standard LaTeX font definitions
)
LaTeX Info: Symbol \textrightarrow not provided by
            font family ptm in TS1 encoding.
            Default family used instead on input line 392.


File: Images/hcmut.png Graphic file (type png)
<use Images/hcmut.png>
Package pdftex.def Info: Images/hcmut.png  used on input line 394.
(pdftex.def)             Requested size: 28.44968pt x 28.44977pt.
[44]
LaTeX Info: Symbol \textrightarrow not provided by
            font family ptm in TS1 encoding.
            Default family used instead on input line 397.
)

File: Images/hcmut.png Graphic file (type png)
<use Images/hcmut.png>
Package pdftex.def Info: Images/hcmut.png  used on input line 268.
(pdftex.def)             Requested size: 28.44968pt x 28.44977pt.
[45{c:/texlive/2025/texmf-dist/fonts/enc/dvips/cm-super/cm-super-ts1.enc}] (./Contents/HienThuc.tex
<Contents/UI/USER/Trang chį»§.png, id=960, 1927.2pt x 2855.66875pt>
File: Contents/UI/USER/Trang chį»§.png Graphic file (type png)
<use Contents/UI/USER/Trang chį»§.png>
Package pdftex.def Info: Contents/UI/USER/Trang chį»§.png  used on input line 6.
(pdftex.def)             Requested size: 341.43307pt x 505.89345pt.
<Contents/UI/USER/kįŗæt quįŗ£ tĆ¬m kiįŗæm.png, id=961, 1927.2pt x 2151.03625pt>
File: Contents/UI/USER/kįŗæt quįŗ£ tĆ¬m kiįŗæm.png Graphic file (type png)
<use Contents/UI/USER/kįŗæt quįŗ£ tĆ¬m kiįŗæm.png>
Package pdftex.def Info: Contents/UI/USER/kįŗæt quįŗ£ tĆ¬m kiįŗæm.png  used on input line 16.
(pdftex.def)             Requested size: 341.43307pt x 381.06491pt.
<Contents/UI/USER/tĆ¬m kiįŗæm khĆ“ng cĆ³ kįŗæt quįŗ£.png, id=962, 1927.2pt x 1199.48125pt>
File: Contents/UI/USER/tĆ¬m kiįŗæm khĆ“ng cĆ³ kįŗæt quįŗ£.png Graphic file (type png)
<use Contents/UI/USER/tĆ¬m kiįŗæm khĆ“ng cĆ³ kįŗæt quįŗ£.png>
Package pdftex.def Info: Contents/UI/USER/tĆ¬m kiįŗæm khĆ“ng cĆ³ kįŗæt quįŗ£.png  used on input line 22.
(pdftex.def)             Requested size: 341.43307pt x 212.49303pt.


File: Images/hcmut.png Graphic file (type png)
<use Images/hcmut.png>
Package pdftex.def Info: Images/hcmut.png  used on input line 25.
(pdftex.def)             Requested size: 28.44968pt x 28.44977pt.
[46 <./Contents/UI/USER/Trang chį»§.png>]

File: Images/hcmut.png Graphic file (type png)
<use Images/hcmut.png>
Package pdftex.def Info: Images/hcmut.png  used on input line 29.
(pdftex.def)             Requested size: 28.44968pt x 28.44977pt.
[47 <./Contents/UI/USER/kįŗæt quįŗ£ tĆ¬m kiįŗæm.png> <./Contents/UI/USER/tĆ¬m kiįŗæm khĆ“ng cĆ³ kįŗæt quįŗ£.png>]
<Contents/UI/USER/ÄÄng nhįŗ­p.png, id=977, 1444.64719pt x 749.80125pt>
File: Contents/UI/USER/ÄÄng nhįŗ­p.png Graphic file (type png)
<use Contents/UI/USER/ÄÄng nhįŗ­p.png>
Package pdftex.def Info: Contents/UI/USER/ÄÄng nhįŗ­p.png  used on input line 32.
(pdftex.def)             Requested size: 341.43307pt x 177.21013pt.
<Contents/UI/USER/ÄÄng kĆ½ tĆ i khoįŗ£n.png, id=978, 1444.64719pt x 750.55406pt>
File: Contents/UI/USER/ÄÄng kĆ½ tĆ i khoįŗ£n.png Graphic file (type png)
<use Contents/UI/USER/ÄÄng kĆ½ tĆ i khoįŗ£n.png>
Package pdftex.def Info: Contents/UI/USER/ÄÄng kĆ½ tĆ i khoįŗ£n.png  used on input line 43.
(pdftex.def)             Requested size: 336.88313pt x 175.01738pt.
<Contents/UI/USER/ThĆ“ng tin sį»± kiį»n.png, id=979, 1927.2pt x 3953.77126pt>
File: Contents/UI/USER/ThĆ“ng tin sį»± kiį»n.png Graphic file (type png)
<use Contents/UI/USER/ThĆ“ng tin sį»± kiį»n.png>
Package pdftex.def Info: Contents/UI/USER/ThĆ“ng tin sį»± kiį»n.png  used on input line 51.
(pdftex.def)             Requested size: 318.66948pt x 653.7317pt.


File: Images/hcmut.png Graphic file (type png)
<use Images/hcmut.png>
Package pdftex.def Info: Images/hcmut.png  used on input line 55.
(pdftex.def)             Requested size: 28.44968pt x 28.44977pt.
[48 <./Contents/UI/USER/ÄÄng nhįŗ­p.png> <./Contents/UI/USER/ÄÄng kĆ½ tĆ i khoįŗ£n.png>]

File: Images/hcmut.png Graphic file (type png)
<use Images/hcmut.png>
Package pdftex.def Info: Images/hcmut.png  used on input line 59.
(pdftex.def)             Requested size: 28.44968pt x 28.44977pt.
[49 <./Contents/UI/USER/ThĆ“ng tin sį»± kiį»n.png>]
<Contents/UI/USER/XĆ”c nhįŗ­n thanh toĆ”n.png, id=993, 1927.2pt x 1677.26625pt>
File: Contents/UI/USER/XĆ”c nhįŗ­n thanh toĆ”n.png Graphic file (type png)
<use Contents/UI/USER/XĆ”c nhįŗ­n thanh toĆ”n.png>
Package pdftex.def Info: Contents/UI/USER/XĆ”c nhįŗ­n thanh toĆ”n.png  used on input line 62.
(pdftex.def)             Requested size: 341.43307pt x 297.1346pt.
<Contents/UI/USER/Cįŗ£nh bĆ”o Äį» tuį»i.png, id=994, 1444.64719pt x 746.03719pt>
File: Contents/UI/USER/Cįŗ£nh bĆ”o Äį» tuį»i.png Graphic file (type png)
<use Contents/UI/USER/Cįŗ£nh bĆ”o Äį» tuį»i.png>
Package pdftex.def Info: Contents/UI/USER/Cįŗ£nh bĆ”o Äį» tuį»i.png  used on input line 74.
(pdftex.def)             Requested size: 341.43307pt x 176.32051pt.


File: Images/hcmut.png Graphic file (type png)
<use Images/hcmut.png>
Package pdftex.def Info: Images/hcmut.png  used on input line 78.
(pdftex.def)             Requested size: 28.44968pt x 28.44977pt.
[50 <./Contents/UI/USER/XĆ”c nhįŗ­n thanh toĆ”n.png>]
<Contents/UI/USER/Giao diį»n thanh toĆ”n momo.png, id=1001, 1927.2pt x 1258.7025pt>
File: Contents/UI/USER/Giao diį»n thanh toĆ”n momo.png Graphic file (type png)
<use Contents/UI/USER/Giao diį»n thanh toĆ”n momo.png>
Package pdftex.def Info: Contents/UI/USER/Giao diį»n thanh toĆ”n momo.png  used on input line 81.
(pdftex.def)             Requested size: 341.43307pt x 222.98431pt.
<Contents/UI/USER/VĆ© cį»§a tĆ“i.png, id=1002, 1927.2pt x 3453.90375pt>
File: Contents/UI/USER/VĆ© cį»§a tĆ“i.png Graphic file (type png)
<use Contents/UI/USER/VĆ© cį»§a tĆ“i.png>
Package pdftex.def Info: Contents/UI/USER/VĆ© cį»§a tĆ“i.png  used on input line 91.
(pdftex.def)             Requested size: 341.43307pt x 611.87325pt.


File: Images/hcmut.png Graphic file (type png)
<use Images/hcmut.png>
Package pdftex.def Info: Images/hcmut.png  used on input line 95.
(pdftex.def)             Requested size: 28.44968pt x 28.44977pt.
[51 <./Contents/UI/USER/Cįŗ£nh bĆ”o Äį» tuį»i.png> <./Contents/UI/USER/Giao diį»n thanh toĆ”n momo.png>]

File: Images/hcmut.png Graphic file (type png)
<use Images/hcmut.png>
Package pdftex.def Info: Images/hcmut.png  used on input line 98.
(pdftex.def)             Requested size: 28.44968pt x 28.44977pt.
[52 <./Contents/UI/USER/VĆ© cį»§a tĆ“i.png>]
<Contents/UI/BTC/Ban tį» chį»©c - Danh sĆ”ch sį»± kiį»n (1).png, id=1017, 1445.4pt x 1029.8475pt>
File: Contents/UI/BTC/Ban tį» chį»©c - Danh sĆ”ch sį»± kiį»n (1).png Graphic file (type png)
<use Contents/UI/BTC/Ban tį» chį»©c - Danh sĆ”ch sį»± kiį»n (1).png>
Package pdftex.def Info: Contents/UI/BTC/Ban tį» chį»©c - Danh sĆ”ch sį»± kiį»n (1).png  used on input line 102.
(pdftex.def)             Requested size: 341.43307pt x 243.27133pt.
File: Contents/UI/BTC/Ban tį» chį»©c - Danh sĆ”ch sį»± kiį»n (1).png Graphic file (type png)
<use Contents/UI/BTC/Ban tį» chį»©c - Danh sĆ”ch sį»± kiį»n (1).png>
Package pdftex.def Info: Contents/UI/BTC/Ban tį» chį»©c - Danh sĆ”ch sį»± kiį»n (1).png  used on input line 121.
(pdftex.def)             Requested size: 341.43307pt x 243.27133pt.


File: Images/hcmut.png Graphic file (type png)
<use Images/hcmut.png>
Package pdftex.def Info: Images/hcmut.png  used on input line 125.
(pdftex.def)             Requested size: 28.44968pt x 28.44977pt.
[53 <./Contents/UI/BTC/Ban tį» chį»©c - Danh sĆ”ch sį»± kiį»n (1).png>]
<Contents/UI/QTV/Quįŗ£n trį» viĆŖn - Danh sĆ”ch sį»± kiį»n (1).png, id=1024, 1445.4pt x 1027.84pt>
File: Contents/UI/QTV/Quįŗ£n trį» viĆŖn - Danh sĆ”ch sį»± kiį»n (1).png Graphic file (type png)
<use Contents/UI/QTV/Quįŗ£n trį» viĆŖn - Danh sĆ”ch sį»± kiį»n (1).png>
Package pdftex.def Info: Contents/UI/QTV/Quįŗ£n trį» viĆŖn - Danh sĆ”ch sį»± kiį»n (1).png  used on input line 134.
(pdftex.def)             Requested size: 341.43307pt x 242.79712pt.


File: Images/hcmut.png Graphic file (type png)
<use Images/hcmut.png>
Package pdftex.def Info: Images/hcmut.png  used on input line 142.
(pdftex.def)             Requested size: 28.44968pt x 28.44977pt.
[54 <./Contents/UI/QTV/Quįŗ£n trį» viĆŖn - Danh sĆ”ch sį»± kiį»n (1).png>]
<Contents/UI/QTV/Quįŗ£n trį» viĆŖn - Tįŗ”o sį»± kiį»n (1).png, id=1031, 1445.4pt x 1027.84pt>
File: Contents/UI/QTV/Quįŗ£n trį» viĆŖn - Tįŗ”o sį»± kiį»n (1).png Graphic file (type png)
<use Contents/UI/QTV/Quįŗ£n trį» viĆŖn - Tįŗ”o sį»± kiį»n (1).png>
Package pdftex.def Info: Contents/UI/QTV/Quįŗ£n trį» viĆŖn - Tįŗ”o sį»± kiį»n (1).png  used on input line 145.
(pdftex.def)             Requested size: 341.43307pt x 242.79712pt.
<Contents/UI/QTV/Quįŗ£n trį» viĆŖn - Danh sĆ”ch ÄĘ”n vį» tį» chį»©c sį»± kiį»n (1).png, id=1032, 1445.4pt x 1027.84pt>
File: Contents/UI/QTV/Quįŗ£n trį» viĆŖn - Danh sĆ”ch ÄĘ”n vį» tį» chį»©c sį»± kiį»n (1).png Graphic file (type png)
<use Contents/UI/QTV/Quįŗ£n trį» viĆŖn - Danh sĆ”ch ÄĘ”n vį» tį» chį»©c sį»± kiį»n (1).png>
Package pdftex.def Info: Contents/UI/QTV/Quįŗ£n trį» viĆŖn - Danh sĆ”ch ÄĘ”n vį» tį» chį»©c sį»± kiį»n (1).png  used on input line 156.
(pdftex.def)             Requested size: 341.43307pt x 242.79712pt.


File: Images/hcmut.png Graphic file (type png)
<use Images/hcmut.png>
Package pdftex.def Info: Images/hcmut.png  used on input line 160.
(pdftex.def)             Requested size: 28.44968pt x 28.44977pt.
[55 <./Contents/UI/QTV/Quįŗ£n trį» viĆŖn - Tįŗ”o sį»± kiį»n (1).png>]
<Contents/UI/QTV/Quįŗ£n trį» viĆŖn - ThĆŖm thĆ“ng tin ban tį» chį»©c.png, id=1039, 1445.4pt x 1027.84pt>
File: Contents/UI/QTV/Quįŗ£n trį» viĆŖn - ThĆŖm thĆ“ng tin ban tį» chį»©c.png Graphic file (type png)
<use Contents/UI/QTV/Quįŗ£n trį» viĆŖn - ThĆŖm thĆ“ng tin ban tį» chį»©c.png>
Package pdftex.def Info: Contents/UI/QTV/Quįŗ£n trį» viĆŖn - ThĆŖm thĆ“ng tin ban tį» chį»©c.png  used on input line 167.
(pdftex.def)             Requested size: 341.43307pt x 242.79712pt.


File: Images/hcmut.png Graphic file (type png)
<use Images/hcmut.png>
Package pdftex.def Info: Images/hcmut.png  used on input line 174.
(pdftex.def)             Requested size: 28.44968pt x 28.44977pt.
[56 <./Contents/UI/QTV/Quįŗ£n trį» viĆŖn - Danh sĆ”ch ÄĘ”n vį» tį» chį»©c sį»± kiį»n (1).png> <./Contents/UI/QTV/Quįŗ£n trį» viĆŖn - ThĆŖm thĆ“ng tin ban tį» chį»©c.png>]
<Contents/UI/QTV/Quįŗ£n trį» viĆŖn - Tįŗ”o vĆ© sį»± kiį»n (VĆ© khĆ“ng cĆ³ chį» ngį»i cį» Äį»nh).png, id=1047, 1445.4pt x 1027.84pt>
File: Contents/UI/QTV/Quįŗ£n trį» viĆŖn - Tįŗ”o vĆ© sį»± kiį»n (VĆ© khĆ“ng cĆ³ chį» ngį»i cį» Äį»nh).png Graphic file (type png)
<use Contents/UI/QTV/Quįŗ£n trį» viĆŖn - Tįŗ”o vĆ© sį»± kiį»n (VĆ© khĆ“ng cĆ³ chį» ngį»i cį» Äį»nh).png>
Package pdftex.def Info: Contents/UI/QTV/Quįŗ£n trį» viĆŖn - Tįŗ”o vĆ© sį»± kiį»n (VĆ© khĆ“ng cĆ³ chį» ngį»i cį» Äį»nh).png  used on input line 180.
(pdftex.def)             Requested size: 341.43307pt x 242.79712pt.
<Contents/UI/QTV/Quįŗ£n trį» viĆŖn - Tįŗ”o vĆ© sį»± kiį»n (VĆ© cĆ³ chį» ngį»i cį» Äį»nh).png, id=1048, 1445.4pt x 1027.84pt>
File: Contents/UI/QTV/Quįŗ£n trį» viĆŖn - Tįŗ”o vĆ© sį»± kiį»n (VĆ© cĆ³ chį» ngį»i cį» Äį»nh).png Graphic file (type png)
<use Contents/UI/QTV/Quįŗ£n trį» viĆŖn - Tįŗ”o vĆ© sį»± kiį»n (VĆ© cĆ³ chį» ngį»i cį» Äį»nh).png>
Package pdftex.def Info: Contents/UI/QTV/Quįŗ£n trį» viĆŖn - Tįŗ”o vĆ© sį»± kiį»n (VĆ© cĆ³ chį» ngį»i cį» Äį»nh).png  used on input line 190.
(pdftex.def)             Requested size: 341.43307pt x 242.79712pt.
)

File: Images/hcmut.png Graphic file (type png)
<use Images/hcmut.png>
Package pdftex.def Info: Images/hcmut.png  used on input line 270.
(pdftex.def)             Requested size: 28.44968pt x 28.44977pt.
[57 <./Contents/UI/QTV/Quįŗ£n trį» viĆŖn - Tįŗ”o vĆ© sį»± kiį»n (VĆ© khĆ“ng cĆ³ chį» ngį»i cį» Äį»nh).png> <./Contents/UI/QTV/Quįŗ£n trį» viĆŖn - Tįŗ”o vĆ© sį»± kiį»n (VĆ© cĆ³ chį» ngį»i cį» Äį»nh).png>] (./Contents/TongKet.tex

File: Images/hcmut.png Graphic file (type png)
<use Images/hcmut.png>
Package pdftex.def Info: Images/hcmut.png  used on input line 47.
(pdftex.def)             Requested size: 28.44968pt x 28.44977pt.
[58]
<Images/gantt4.jpg, id=1062, 478.6683pt x 748.9581pt>
File: Images/gantt4.jpg Graphic file (type jpg)
<use Images/gantt4.jpg>
Package pdftex.def Info: Images/gantt4.jpg  used on input line 73.
(pdftex.def)             Requested size: 432.48051pt x 676.69597pt.
)

File: Images/hcmut.png Graphic file (type png)
<use Images/hcmut.png>
Package pdftex.def Info: Images/hcmut.png  used on input line 273.
(pdftex.def)             Requested size: 28.44968pt x 28.44977pt.
[59]

File: Images/hcmut.png Graphic file (type png)
<use Images/hcmut.png>
Package pdftex.def Info: Images/hcmut.png  used on input line 273.
(pdftex.def)             Requested size: 28.44968pt x 28.44977pt.
[60 <./Images/gantt4.jpg>] (./Outro/TaiLieuThamKhao.tex
Underfull \hbox (badness 10000) in paragraph at lines 5--7
[]\T5/ptm/m/n/10 The Busi-ness Re-search Com-pany. \T5/ptm/m/it/10 On-line Event Tick-et-ing Global Mar-ket Re-port
 []


Underfull \hbox (badness 10000) in paragraph at lines 5--7
\T5/ptm/m/it/10 2024--2029\T5/ptm/m/n/10 . Avail-able at: [][]$[]\T5/cmtt/m/n/10 https : / / www . thebusinessresearchcompany . com / report /
 []


Underfull \hbox (badness 3168) in paragraph at lines 9--11
[]\T5/ptm/m/n/10 6W Re-search. \T5/ptm/m/it/10 Viet-nam On-line Event Tick-et-ing Mar-ket (2025--2031)\T5/ptm/m/n/10 . Avail-able at: [][]$[]\T5/cmtt/m/n/10 https : / / www .
 []


Underfull \hbox (badness 10000) in paragraph at lines 9--11
\T5/cmtt/m/n/10 6wresearch . com / industry-[]report / vietnam-[]online-[]event-[]ticketing-[]market ? utm _ source =
 []


Underfull \hbox (badness 10000) in paragraph at lines 13--15
[]\T5/ptm/m/n/10 DataReportal. \T5/ptm/m/it/10 Dig-i-tal 2024: Viet-nam\T5/ptm/m/n/10 . Avail-able at: [][]$[]\T5/cmtt/m/n/10 https : / / datareportal . com / reports /
 []


Underfull \hbox (badness 6332) in paragraph at lines 17--19
[]\T5/ptm/m/n/10 Think with Google. (2023). \T5/ptm/m/it/10 Voice Search Us-age Trends in Viet-nam\T5/ptm/m/n/10 . Avail-able at: [][]$[]\T5/cmtt/m/n/10 https : / /
 []

)

Package caption Warning: Unused \captionsetup[sub] on input line 39.
See the caption package documentation for explanation.


Package caption Warning: Unused \captionsetup[subfigure] on input line 39.
See the caption package documentation for explanation.



File: Images/hcmut.png Graphic file (type png)
<use Images/hcmut.png>
Package pdftex.def Info: Images/hcmut.png  used on input line 276.
(pdftex.def)             Requested size: 28.44968pt x 28.44977pt.
[61] 
enddocument/afterlastpage (AED): lastpage setting LastPage.
(./main.aux)
 ***********
LaTeX2e <2024-11-01> patch level 2
L3 programming layer <2025-01-18>
 ***********
Package rerunfilecheck Info: File `main.out' has not changed.
(rerunfilecheck)             Checksum: 68750BF83744DB57D80C27FE94C0E8AE;20521.
 ) 
Here is how much of TeX's memory you used:
 31754 strings out of 473190
 591460 string characters out of 5719978
 1178716 words of memory out of 5000000
 54113 multiletter control sequences out of 15000+600000
 609312 words of font info for 89 fonts, out of 8000000 for 9000
 1141 hyphenation exceptions out of 8191
 104i,25n,113p,1015b,1851s stack positions out of 10000i,1000n,20000p,200000b,200000s
<c:/texlive/2025/texmf-dist/fonts/type1/public/amsfonts/cm/cmmi10.pfb><c:/texlive/2025/texmf-dist/fonts/type1/public/amsfonts/cm/cmsy10.pfb><c:/texlive/2025/texmf-dist/fonts/type1/public/cm-super/sfrm1000.pfb><c:/texlive/2025/texmf-dist/fonts/type1/vntex/urwvn/utmb8v.pfb><c:/texlive/2025/texmf-dist/fonts/type1/vntex/urwvn/utmr8v.pfb><c:/texlive/2025/texmf-dist/fonts/type1/vntex/urwvn/utmri8v.pfb><c:/texlive/2025/texmf-dist/fonts/type1/vntex/vnr/vnss8.pfb><c:/texlive/2025/texmf-dist/fonts/type1/vntex/vnr/vntt10.pfb><c:/texlive/2025/texmf-dist/fonts/type1/vntex/vnr/vntt8.pfb>
Output written on main.pdf (71 pages, 7094923 bytes).
PDF statistics:
 1190 PDF objects out of 1200 (max. 8388607)
 1002 compressed objects within 11 object streams
 245 named destinations out of 1000 (max. 500000)
 974 words of extra memory for PDF output out of 10000 (max. 10000000)

