\BOOKMARK [1][-]{section.1}{\376\377\000G\000i\036\333\000i\000\040\000t\000h\000i\036\307\000u\000\040\001\021\036\301\000\040\000t\000\340\000i}{}% 1
\BOOKMARK [2][-]{subsection.1.1}{\376\377\000T\000h\036\361\000c\000\040\000t\000r\036\241\000n\000g}{section.1}% 2
\BOOKMARK [3][-]{subsubsection.1.1.1}{\376\377\000T\000h\036\361\000c\000\040\000t\000r\036\241\000n\000g\000\040\000c\000h\000u\000n\000g}{subsection.1.1}% 3
\BOOKMARK [3][-]{subsubsection.1.1.2}{\376\377\000T\000h\036\361\000c\000\040\000t\000r\036\241\000n\000g\000\040\000c\000\341\000c\000\040\000h\036\307\000\040\000t\000h\036\321\000n\000g\000\040\000h\000i\036\307\000n\000\040\000c\000\363}{subsection.1.1}% 4
\BOOKMARK [2][-]{subsection.1.2}{\376\377\000M\036\345\000c\000\040\000t\000i\000\352\000u\000\040\000c\036\347\000a\000\040\001\021\036\301\000\040\000t\000\340\000i}{section.1}% 5
\BOOKMARK [2][-]{subsection.1.3}{\376\377\000P\000h\036\241\000m\000\040\000v\000i\000\040\001\021\036\301\000\040\000t\000\340\000i}{section.1}% 6
\BOOKMARK [1][-]{section.2}{\376\377\000C\001\241\000\040\000s\036\337\000\040\000l\000\375\000\040\000t\000h\000u\000y\036\277\000t\000\040\000v\000\340\000\040\000c\000\364\000n\000g\000\040\000n\000g\000h\036\307}{}% 7
\BOOKMARK [2][-]{subsection.2.1}{\376\377\000C\001\241\000\040\000s\036\337\000\040\000l\000\375\000\040\000t\000h\000u\000y\036\277\000t}{section.2}% 8
\BOOKMARK [3][-]{subsubsection.2.1.1}{\376\377\000K\000i\036\277\000n\000\040\000t\000r\000\372\000c\000\040\000R\000E\000S\000T\000f\000u\000l\000\040\000A\000P\000I}{subsection.2.1}% 9
\BOOKMARK [3][-]{subsubsection.2.1.2}{\376\377\000M\000\364\000\040\000h\000\354\000n\000h\000\040\000C\000l\000i\000e\000n\000t\000\040\000-\000\040\000S\000e\000r\000v\000e\000r}{subsection.2.1}% 10
\BOOKMARK [3][-]{subsubsection.2.1.3}{\376\377\000C\001\241\000\040\000s\036\337\000\040\000d\036\357\000\040\000l\000i\036\307\000u\000\040\000d\036\357\000\040\000l\000i\036\307\000u}{subsection.2.1}% 11
\BOOKMARK [3][-]{subsubsection.2.1.4}{\376\377\000X\000\341\000c\000\040\000t\000h\036\361\000c\000\040\000v\000\340\000\040\000P\000h\000\342\000n\000\040\000q\000u\000y\036\301\000n\000\040\000n\000g\001\260\036\335\000i\000\040\000d\000\371\000n\000g\000\040\000\050\000A\000u\000t\000h\000e\000n\000t\000i\000c\000a\000t\000i\000o\000n\000\040\000\046\000\040\000A\000u\000t\000h\000o\000r\000i\000z\000a\000t\000i\000o\000n\000\051}{subsection.2.1}% 12
\BOOKMARK [3][-]{subsubsection.2.1.5}{\376\377\000T\000h\000u\036\255\000t\000\040\000t\000o\000\341\000n\000\040\000L\000i\000g\000h\000t\000G\000B\000M\000\040\000R\000a\000n\000k\000e\000r\000\040\000\050\000L\000a\000m\000b\000d\000a\000R\000a\000n\000k\000\040\040\023\000\040\000G\000r\000a\000d\000i\000e\000n\000t\000\040\000B\000o\000o\000s\000t\000e\000d\000\040\000D\000e\000c\000i\000s\000i\000o\000n\000\040\000T\000r\000e\000e\000s\000\040\000f\000o\000r\000\040\000R\000a\000n\000k\000i\000n\000g\000\051}{subsection.2.1}% 13
\BOOKMARK [2][-]{subsection.2.2}{\376\377\000C\000\364\000n\000g\000\040\000n\000g\000h\036\307\000\040\000s\036\355\000\040\000d\036\345\000n\000g}{section.2}% 14
\BOOKMARK [3][-]{subsubsection.2.2.1}{\376\377\000T\000y\000p\000e\000S\000c\000r\000i\000p\000t}{subsection.2.2}% 15
\BOOKMARK [3][-]{subsubsection.2.2.2}{\376\377\000R\000e\000a\000c\000t\000J\000S}{subsection.2.2}% 16
\BOOKMARK [3][-]{subsubsection.2.2.3}{\376\377\000N\000o\000d\000e\000J\000S}{subsection.2.2}% 17
\BOOKMARK [3][-]{subsubsection.2.2.4}{\376\377\000N\000g\000\364\000n\000\040\000n\000g\036\357\000\040\000l\036\255\000p\000\040\000t\000r\000\354\000n\000h\000\040\000P\000y\000t\000h\000o\000n}{subsection.2.2}% 18
\BOOKMARK [3][-]{subsubsection.2.2.5}{\376\377\000M\000o\000n\000g\000o\000D\000B}{subsection.2.2}% 19
\BOOKMARK [1][-]{section.3}{\376\377\000Y\000\352\000u\000\040\000c\036\247\000u\000\040\000v\036\301\000\040\000h\036\307\000\040\000t\000h\036\321\000n\000g}{}% 20
\BOOKMARK [2][-]{subsection.3.1}{\376\377\000Y\000\352\000u\000\040\000c\036\247\000u\000\040\000c\000h\036\351\000c\000\040\000n\001\003\000n\000g}{section.3}% 21
\BOOKMARK [3][-]{subsubsection.3.1.1}{\376\377\001\020\036\321\000i\000\040\000v\036\333\000i\000\040\000t\036\245\000t\000\040\000c\036\243\000\040\000n\000g\001\260\036\335\000i\000\040\000d\000\371\000n\000g}{subsection.3.1}% 22
\BOOKMARK [3][-]{subsubsection.3.1.2}{\376\377\001\020\036\321\000i\000\040\000v\036\333\000i\000\040\000t\036\245\000t\000\040\000c\036\243\000\040\000B\000a\000n\000\040\000t\036\325\000\040\000c\000h\036\351\000c\000\040\000s\036\361\000\040\000k\000i\036\307\000n}{subsection.3.1}% 23
\BOOKMARK [3][-]{subsubsection.3.1.3}{\376\377\001\020\036\321\000i\000\040\000v\036\333\000i\000\040\000v\000a\000i\000\040\000t\000r\000\362\000\040\000q\000u\036\243\000n\000\040\000t\000r\036\313\000\040\000v\000i\000\352\000n}{subsection.3.1}% 24
\BOOKMARK [2][-]{subsection.3.2}{\376\377\000Y\000\352\000u\000\040\000c\036\247\000u\000\040\000p\000h\000i\000\040\000c\000h\036\351\000c\000\040\000n\001\003\000n\000g}{section.3}% 25
\BOOKMARK [1][-]{section.4}{\376\377\000M\000\364\000\040\000h\000\354\000n\000h\000\040\000h\000o\000\341\000\040\000h\036\307\000\040\000t\000h\036\321\000n\000g\000\040\000\050\000S\000y\000s\000t\000e\000m\000\040\000m\000o\000d\000e\000l\000l\000i\000n\000g\000\051}{}% 26
\BOOKMARK [2][-]{subsection.4.1}{\376\377\000L\001\260\036\343\000c\000\040\001\021\036\323\000\040\000U\000s\000e\000-\000C\000a\000s\000e}{section.4}% 27
\BOOKMARK [3][-]{subsubsection.4.1.1}{\376\377\000U\000s\000e\000\040\000C\000a\000s\000e\000\040\000c\000h\000o\000\040\000N\000g\001\260\036\335\000i\000\040\000D\000\371\000n\000g}{subsection.4.1}% 28
\BOOKMARK [0][-]{subsubsubsection.4.1.1.1}{\376\377\000X\000e\000m\000,\000\040\000t\000\354\000m\000\040\000k\000i\036\277\000m\000\040\000v\000\340\000\040\000l\036\315\000c\000\040\000t\000h\000\364\000n\000g\000\040\000t\000i\000n\000\040\000s\036\361\000\040\000k\000i\036\307\000n}{}% 29
\BOOKMARK [0][-]{subsubsubsection.4.1.1.2}{\376\377\000T\000r\000u\000y\000\040\000c\036\255\000p\000\040\000c\000h\036\351\000c\000\040\000n\001\003\000n\000g\000\040\000y\000\352\000u\000\040\000c\036\247\000u\000\040\000x\000\341\000c\000\040\000t\000h\036\361\000c}{}% 30
\BOOKMARK [0][-]{subsubsubsection.4.1.1.3}{\376\377\000M\000u\000a\000\040\000v\000\351}{}% 31
\BOOKMARK [0][-]{subsubsubsection.4.1.1.4}{\376\377\000C\000h\000a\000t\000\040\000v\036\333\000i\000\040\000Q\000u\036\243\000n\000\040\000t\000r\036\313\000\040\000v\000i\000\352\000n}{}% 32
\BOOKMARK [0][-]{subsubsubsection.4.1.1.5}{\376\377\000C\000h\000a\000t\000\040\000v\036\333\000i\000\040\000B\000a\000n\000\040\000t\036\325\000\040\000c\000h\036\351\000c}{}% 33
\BOOKMARK [1][-]{subsubsection.4.1.2}{\376\377\000U\000s\000e\000\040\000C\000a\000s\000e\000\040\000c\000h\000o\000\040\000B\000a\000n\000\040\000t\036\325\000\040\000c\000h\036\351\000c}{subsubsubsection.4.1.1.5}% 34
\BOOKMARK [0][-]{subsubsubsection.4.1.2.1}{\376\377\000X\000e\000m\000,\000\040\000t\000\354\000m\000\040\000k\000i\036\277\000m\000\040\000h\000o\036\267\000c\000\040\000l\036\315\000c\000\040\000d\000a\000n\000h\000\040\000s\000\341\000c\000h\000\040\000s\036\361\000\040\000k\000i\036\307\000n}{}% 35
\BOOKMARK [0][-]{subsubsubsection.4.1.2.2}{\376\377\000P\000h\036\243\000n\000\040\000h\036\323\000i\000\040\000t\000i\000n\000\040\000n\000h\036\257\000n\000\040\000n\000g\001\260\036\335\000i\000\040\000d\000\371\000n\000g}{}% 36
\BOOKMARK [1][-]{subsubsection.4.1.3}{\376\377\000U\000s\000e\000\040\000C\000a\000s\000e\000\040\000c\000h\000o\000\040\000Q\000u\036\243\000n\000\040\000t\000r\036\313\000\040\000v\000i\000\352\000n}{subsubsubsection.4.1.2.2}% 37
\BOOKMARK [0][-]{subsubsubsection.4.1.3.1}{\376\377\000Q\000u\036\243\000n\000\040\000l\000\375\000\040\000s\036\361\000\040\000k\000i\036\307\000n}{}% 38
\BOOKMARK [0][-]{subsubsubsection.4.1.3.2}{\376\377\000Q\000u\036\243\000n\000\040\000l\000\375\000\040\001\021\001\241\000n\000\040\000v\036\313\000\040\000t\036\325\000\040\000c\000h\036\351\000c}{}% 39
\BOOKMARK [1][-]{subsection.4.2}{\376\377\000L\001\260\036\343\000c\000\040\001\021\036\323\000\040\000h\000o\036\241\000t\000\040\001\021\036\331\000n\000g}{subsubsubsection.4.1.3.2}% 40
\BOOKMARK [2][-]{subsubsection.4.2.1}{\376\377\000A\000c\000t\000i\000v\000i\000t\000y\000\040\000D\000i\000a\000g\000r\000a\000m\000\040\000c\000h\000o\000\040\000N\000g\001\260\036\335\000i\000\040\000d\000\371\000n\000g}{subsection.4.2}% 41
\BOOKMARK [0][-]{subsubsubsection.4.2.1.1}{\376\377\001\020\001\003\000n\000g\000\040\000k\000\375}{}% 42
\BOOKMARK [0][-]{subsubsubsection.4.2.1.2}{\376\377\001\020\001\003\000n\000g\000\040\000n\000h\036\255\000p}{}% 43
\BOOKMARK [0][-]{subsubsubsection.4.2.1.3}{\376\377\000M\000u\000a\000\040\000v\000\351\000\040\000s\036\361\000\040\000k\000i\036\307\000n}{}% 44
\BOOKMARK [0][-]{subsubsubsection.4.2.1.4}{\376\377\000C\000h\000a\000t\000\040\000v\036\333\000i\000\040\000B\000a\000n\000\040\000t\036\325\000\040\000c\000h\036\351\000c\000\040\000h\000o\036\267\000c\000\040\000q\000u\036\243\000n\000\040\000t\000r\036\313\000\040\000v\000i\000\352\000n}{}% 45
\BOOKMARK [1][-]{subsubsection.4.2.2}{\376\377\000A\000c\000t\000i\000v\000i\000t\000y\000\040\000D\000i\000a\000g\000r\000a\000m\000\040\000c\000h\000o\000\040\000B\000a\000n\000\040\000t\036\325\000\040\000c\000h\036\351\000c}{subsubsubsection.4.2.1.4}% 46
\BOOKMARK [0][-]{subsubsubsection.4.2.2.1}{\376\377\001\020\036\325\000i\000\040\000m\036\255\000t\000\040\000k\000h\036\251\000u\000\040\000k\000h\000i\000\040\000B\000a\000n\000\040\000t\036\325\000\040\000c\000h\036\351\000c\000\040\001\021\001\003\000n\000g\000\040\000n\000h\036\255\000p\000\040\000v\000\340\000o\000\040\000h\036\307\000\040\000t\000h\036\321\000n\000g\000\040\000l\036\247\000n\000\040\001\021\036\247\000u\000\040\000t\000i\000\352\000n}{}% 47
\BOOKMARK [0][-]{subsubsubsection.4.2.2.2}{\376\377\000X\000e\000m\000,\000\040\000t\000\354\000m\000\040\000k\000i\036\277\000m\000\040\000h\000o\036\267\000c\000\040\000l\036\315\000c\000\040\000d\000a\000n\000h\000\040\000s\000\341\000c\000h\000\040\000s\036\361\000\040\000k\000i\036\307\000n\000\040}{}% 48
\BOOKMARK [0][-]{subsubsubsection.4.2.2.3}{\376\377\000P\000h\036\243\000n\000\040\000h\036\323\000i\000\040\000t\000i\000n\000\040\000n\000h\036\257\000n\000\040\000t\036\353\000\040\000n\000g\001\260\036\335\000i\000\040\000d\000\371\000n\000g}{}% 49
\BOOKMARK [1][-]{subsubsection.4.2.3}{\376\377\000A\000c\000t\000i\000v\000i\000t\000y\000\040\000D\000i\000a\000g\000r\000a\000m\000\040\000c\000h\000o\000\040\000Q\000u\036\243\000n\000\040\000t\000r\036\313\000\040\000v\000i\000\352\000n}{subsubsubsection.4.2.2.3}% 50
\BOOKMARK [0][-]{subsubsubsection.4.2.3.1}{\376\377\000Q\000u\036\243\000n\000\040\000l\000\375\000\040\000d\000a\000n\000h\000\040\000s\000\341\000c\000h\000\040\000c\000\341\000c\000\040\000s\036\361\000\040\000k\000i\036\307\000n}{}% 51
\BOOKMARK [0][-]{subsubsubsection.4.2.3.2}{\376\377\000Q\000u\036\243\000n\000\040\000l\000\375\000\040\001\021\001\241\000n\000\040\000v\036\313\000\040\000t\036\325\000\040\000c\000h\036\351\000c\000\040\000s\036\361\000\040\000k\000i\036\307\000n}{}% 52
\BOOKMARK [1][-]{subsection.4.3}{\376\377\000L\001\260\036\343\000c\000\040\001\021\036\323\000\040\000t\000u\036\247\000n\000\040\000t\036\361}{subsubsubsection.4.2.3.2}% 53
\BOOKMARK [2][-]{subsubsection.4.3.1}{\376\377\000C\000h\036\351\000c\000\040\000n\001\003\000n\000g\000\040\000m\000u\000a\000\040\000v\000\351\000\040\000d\000\340\000n\000h\000\040\000c\000h\000o\000\040\000n\000g\001\260\036\335\000i\000\040\000d\000\371\000n\000g}{subsection.4.3}% 54
\BOOKMARK [3][-]{subsubsection.4.3.2}{\376\377\000C\000h\036\351\000c\000\040\000n\001\003\000n\000g\000\040\000g\036\343\000i\000\040\000\375\000\040\000s\036\361\000\040\000k\000i\036\307\000n\000\040\000c\000\341\000\040\000n\000h\000\342\000n\000\040\000h\000\363\000a\000\040\000d\000\340\000n\000h\000\040\000c\000h\000o\000\040\000n\000g\001\260\036\335\000i\000\040\000d\000\371\000n\000g}{subsubsection.4.3.1}% 55
\BOOKMARK [3][-]{subsubsection.4.3.3}{\376\377\000C\000h\036\351\000c\000\040\000n\001\003\000n\000g\000\040\000n\000h\036\257\000n\000\040\000t\000i\000n}{subsubsection.4.3.1}% 56
\BOOKMARK [1][-]{section.5}{\376\377\000P\000h\000\342\000n\000\040\000t\000\355\000c\000h\000\040\000\046\000\040\000T\000h\000i\036\277\000t\000\040\000k\036\277\000\040\000h\036\307\000\040\000t\000h\036\321\000n\000g}{subsubsubsection.4.2.3.2}% 57
\BOOKMARK [2][-]{subsection.5.1}{\376\377\000K\000i\036\277\000n\000\040\000t\000r\000\372\000c\000\040\000h\036\307\000\040\000t\000h\036\321\000n\000g}{section.5}% 58
\BOOKMARK [2][-]{subsection.5.2}{\376\377\000T\000h\000i\036\277\000t\000\040\000k\036\277\000\040\000D\000a\000t\000a\000b\000a\000s\000e}{section.5}% 59
\BOOKMARK [2][-]{subsection.5.3}{\376\377\000M\000\364\000\040\000h\000\354\000n\000h\000\040\000h\036\315\000c\000\040\000m\000\341\000y\000\040\000g\036\343\000i\000\040\000\375\000\040\000s\036\361\000\040\000k\000i\036\307\000n}{section.5}% 60
\BOOKMARK [3][-]{subsubsection.5.3.1}{\376\377\000M\036\345\000c\000\040\000t\000i\000\352\000u\000\040\000m\000\364\000\040\000h\000\354\000n\000h}{subsection.5.3}% 61
\BOOKMARK [3][-]{subsubsection.5.3.2}{\376\377\000D\036\357\000\040\000l\000i\036\307\000u\000\040\001\021\036\247\000u\000\040\000v\000\340\000o\000\040\000c\036\347\000a\000\040\000m\000\364\000\040\000h\000\354\000n\000h}{subsection.5.3}% 62
\BOOKMARK [3][-]{subsubsection.5.3.3}{\376\377\000G\000\341\000n\000\040\000n\000h\000\343\000n\000\040\000s\036\361\000\040\000k\000i\036\307\000n}{subsection.5.3}% 63
\BOOKMARK [3][-]{subsubsection.5.3.4}{\376\377\000Q\000u\000\341\000\040\000t\000r\000\354\000n\000h\000\040\000h\000u\036\245\000n\000\040\000l\000u\000y\036\307\000n\000\040\000m\000\364\000\040\000h\000\354\000n\000h\000\040\000\050\000T\000r\000a\000i\000n\000i\000n\000g\000\040\000P\000i\000p\000e\000l\000i\000n\000e\000\051}{subsection.5.3}% 64
\BOOKMARK [3][-]{subsubsection.5.3.5}{\376\377\000Q\000u\000y\000\040\000t\000r\000\354\000n\000h\000\040\000g\036\343\000i\000\040\000\375\000\040\000k\000h\000i\000\040\000n\000g\001\260\036\335\000i\000\040\000d\000\371\000n\000g\000\040\000t\000r\000u\000y\000\040\000c\036\255\000p\000\040\000\050\000I\000n\000f\000e\000r\000e\000n\000c\000e\000\040\000P\000i\000p\000e\000l\000i\000n\000e\000\051}{subsection.5.3}% 65
\BOOKMARK [3][-]{subsubsection.5.3.6}{\376\377\001\020\036\247\000u\000\040\000r\000a\000\040\000m\000\364\000\040\000h\000\354\000n\000h}{subsection.5.3}% 66
\BOOKMARK [3][-]{subsubsection.5.3.7}{\376\377\000V\000\362\000n\000g\000\040\000l\036\267\000p\000\040\000c\036\243\000i\000\040\000t\000h\000i\036\307\000n\000\040\000t\036\361\000\040\001\021\036\331\000n\000g\000\040\000\050\000F\000e\000e\000d\000b\000a\000c\000k\000\040\000L\000o\000o\000p\000\051}{subsection.5.3}% 67
\BOOKMARK [3][-]{subsubsection.5.3.8}{\376\377\000T\036\325\000n\000g\000\040\000q\000u\000\341\000t\000\040\000q\000u\000y\000\040\000t\000r\000\354\000n\000h\000\040\000h\000o\036\241\000t\000\040\001\021\036\331\000n\000g\000\040\000m\000\364\000\040\000h\000\354\000n\000h}{subsection.5.3}% 68
\BOOKMARK [1][-]{section.6}{\376\377\000H\000i\036\307\000n\000\040\000t\000h\036\361\000c\000\040\000h\036\307\000\040\000t\000h\036\321\000n\000g}{subsubsubsection.4.2.3.2}% 69
\BOOKMARK [2][-]{subsection.6.1}{\376\377\000C\000h\036\351\000c\000\040\000n\001\003\000n\000g\000\040\000n\000g\001\260\036\335\000i\000\040\000d\000\371\000n\000g}{section.6}% 70
\BOOKMARK [3][-]{subsubsection.6.1.1}{\376\377\000T\000r\000a\000n\000g\000\040\000c\000h\036\347}{subsection.6.1}% 71
\BOOKMARK [3][-]{subsubsection.6.1.2}{\376\377\000T\000\354\000m\000\040\000k\000i\036\277\000m\000\040\000s\036\361\000\040\000k\000i\036\307\000n}{subsection.6.1}% 72
\BOOKMARK [3][-]{subsubsection.6.1.3}{\376\377\001\020\001\003\000n\000g\000\040\000n\000h\036\255\000p\000/\001\020\001\003\000n\000g\000\040\000k\000\375\000\040\000t\000\340\000i\000\040\000k\000h\000o\036\243\000n}{subsection.6.1}% 73
\BOOKMARK [3][-]{subsubsection.6.1.4}{\376\377\000X\000e\000m\000\040\000c\000h\000i\000\040\000t\000i\036\277\000t\000\040\000t\000h\000\364\000n\000g\000\040\000t\000i\000n\000\040\000s\036\361\000\040\000k\000i\036\307\000n}{subsection.6.1}% 74
\BOOKMARK [3][-]{subsubsection.6.1.5}{\376\377\000X\000\341\000c\000\040\000n\000h\036\255\000n\000\040\000t\000h\000a\000n\000h\000\040\000t\000o\000\341\000n}{subsection.6.1}% 75
\BOOKMARK [3][-]{subsubsection.6.1.6}{\376\377\000T\000i\036\277\000n\000\040\000h\000\340\000n\000h\000\040\000t\000h\000a\000n\000h\000\040\000t\000o\000\341\000n}{subsection.6.1}% 76
\BOOKMARK [3][-]{subsubsection.6.1.7}{\376\377\000L\036\313\000c\000h\000\040\000s\036\355\000\040\000m\000u\000a\000\040\000v\000\351}{subsection.6.1}% 77
\BOOKMARK [2][-]{subsection.6.2}{\376\377\000C\000h\036\351\000c\000\040\000n\001\003\000n\000g\000\040\000c\036\347\000a\000\040\000B\000a\000n\000\040\000t\036\325\000\040\000c\000h\036\351\000c\000\040\000s\036\361\000\040\000k\000i\036\307\000n}{section.6}% 78
\BOOKMARK [3][-]{subsubsection.6.2.1}{\376\377\000X\000e\000m\000\040\000t\000h\000\364\000n\000g\000\040\000t\000i\000n\000\040\000s\036\361\000\040\000k\000i\036\307\000n}{subsection.6.2}% 79
\BOOKMARK [3][-]{subsubsection.6.2.2}{\376\377\000C\000h\000a\000t\000\040\000g\000i\036\357\000a\000\040\000B\000a\000n\000\040\000t\036\325\000\040\000c\000h\036\351\000c\000\040\000v\000\340\000\040\000n\000g\001\260\036\335\000i\000\040\000d\000\371\000n\000g}{subsection.6.2}% 80
\BOOKMARK [2][-]{subsection.6.3}{\376\377\000C\000h\036\351\000c\000\040\000n\001\003\000n\000g\000\040\000c\036\347\000a\000\040\000Q\000u\036\243\000n\000\040\000t\000r\036\313\000\040\000v\000i\000\352\000n}{section.6}% 81
\BOOKMARK [3][-]{subsubsection.6.3.1}{\376\377\000Q\000u\036\243\000n\000\040\000l\000\375\000\040\000t\000h\000\364\000n\000g\000\040\000t\000i\000n\000\040\000s\036\361\000\040\000k\000i\036\307\000n}{subsection.6.3}% 82
\BOOKMARK [3][-]{subsubsection.6.3.2}{\376\377\000T\036\241\000o\000\040\000s\036\361\000\040\000k\000i\036\307\000n\000\040\000m\036\333\000i}{subsection.6.3}% 83
\BOOKMARK [3][-]{subsubsection.6.3.3}{\376\377\000Q\000u\036\243\000n\000\040\000l\000\375\000\040\000t\000h\000\364\000n\000g\000\040\000t\000i\000n\000\040\000B\000a\000n\000\040\000t\036\325\000\040\000c\000h\036\351\000c}{subsection.6.3}% 84
\BOOKMARK [3][-]{subsubsection.6.3.4}{\376\377\000T\036\241\000o\000\040\000b\000a\000n\000\040\000t\036\325\000\040\000c\000h\036\351\000c\000\040\000m\036\333\000i}{subsection.6.3}% 85
\BOOKMARK [3][-]{subsubsection.6.3.5}{\376\377\000T\000h\000\352\000m\000\040\000v\000\351\000\040\000c\000h\000o\000\040\000s\036\361\000\040\000k\000i\036\307\000n}{subsection.6.3}% 86
\BOOKMARK [1][-]{section.7}{\376\377\000T\036\325\000n\000g\000\040\000k\036\277\000t\000\040\000v\000\340\000\040\001\021\000\341\000n\000h\000\040\000g\000i\000\341}{subsubsubsection.4.2.3.2}% 87
\BOOKMARK [2][-]{subsection.7.1}{\376\377\000K\036\277\000t\000\040\000q\000u\036\243\000\040\000h\000i\036\307\000n\000\040\000t\000h\036\361\000c\000\040\000g\000i\000a\000i\000\040\001\021\000o\036\241\000n\000\040\001\020\036\323\000\040\000\341\000n\000\040\000C\000h\000u\000y\000\352\000n\000\040\000n\000g\000\340\000n\000h}{section.7}% 88
\BOOKMARK [2][-]{subsection.7.2}{\376\377\000K\036\277\000\040\000h\000o\036\241\000c\000h\000\040\000t\000r\000i\036\303\000n\000\040\000k\000h\000a\000i\000\040\000g\000i\000a\000i\000\040\001\021\000o\036\241\000n\000\040\001\020\036\323\000\040\000\341\000n\000\040\000T\036\321\000t\000\040\000n\000g\000h\000i\036\307\000p}{section.7}% 89
\BOOKMARK [3][-]{subsubsection.7.2.1}{\376\377\000M\036\345\000c\000\040\000t\000i\000\352\000u\000\040\000c\000h\000\355\000n\000h}{subsection.7.2}% 90
\BOOKMARK [3][-]{subsubsection.7.2.2}{\376\377\000T\000i\036\277\000n\000\040\001\021\036\331\000\040\000p\000h\000\341\000t\000\040\000t\000r\000i\036\303\000n\000\040\000g\000i\000a\000i\000\040\001\021\000o\036\241\000n\000\040\001\021\036\323\000\040\000\341\000n\000\040\000t\036\321\000t\000\040\000n\000g\000h\000i\036\307\000p}{subsection.7.2}% 91
\BOOKMARK [1][-]{figure.caption.78}{\376\377\000T\000\340\000i\000\040\000l\000i\036\307\000u\000\040\000t\000h\000a\000m\000\040\000k\000h\036\243\000o}{subsubsubsection.4.2.3.2}% 92
